mode: atomic
secretary_go_demo/cmd/secretary/main.go:24.13,25.26 1 0
secretary_go_demo/cmd/secretary/main.go:25.26,28.3 2 0
secretary_go_demo/cmd/secretary/main.go:30.18,33.19 3 0
secretary_go_demo/cmd/secretary/main.go:33.19,36.3 2 0
secretary_go_demo/cmd/secretary/main.go:37.2,39.18 3 0
secretary_go_demo/cmd/secretary/main.go:39.18,41.3 1 0
secretary_go_demo/cmd/secretary/main.go:42.2,42.43 1 0
secretary_go_demo/cmd/secretary/main.go:42.43,43.36 1 0
secretary_go_demo/cmd/secretary/main.go:43.36,45.4 1 0
secretary_go_demo/cmd/secretary/main.go:46.8,46.30 1 0
secretary_go_demo/cmd/secretary/main.go:46.30,48.3 1 0
secretary_go_demo/cmd/secretary/main.go:49.2,49.52 1 0
secretary_go_demo/cmd/secretary/main.go:49.52,51.3 1 0
secretary_go_demo/cmd/secretary/main.go:52.2,52.57 1 0
secretary_go_demo/cmd/secretary/main.go:52.57,54.3 1 0
secretary_go_demo/cmd/secretary/main.go:55.2,55.49 1 0
secretary_go_demo/cmd/secretary/main.go:55.49,57.3 1 0
secretary_go_demo/cmd/secretary/main.go:58.2,58.33 1 0
secretary_go_demo/cmd/secretary/main.go:58.33,60.3 1 0
secretary_go_demo/cmd/secretary/main.go:61.2,62.37 2 0
secretary_go_demo/cmd/secretary/main.go:62.37,64.3 1 0
secretary_go_demo/cmd/secretary/main.go:65.2,65.23 1 0
secretary_go_demo/cmd/secretary/main.go:65.23,66.49 1 0
secretary_go_demo/cmd/secretary/main.go:66.49,68.4 1 0
secretary_go_demo/cmd/secretary/main.go:69.3,69.47 1 0
secretary_go_demo/cmd/secretary/main.go:69.47,71.65 2 0
secretary_go_demo/cmd/secretary/main.go:71.65,73.5 1 0
secretary_go_demo/cmd/secretary/main.go:75.3,76.15 2 0
secretary_go_demo/cmd/secretary/main.go:76.15,78.4 1 0
secretary_go_demo/cmd/secretary/main.go:79.3,80.13 2 0
secretary_go_demo/cmd/secretary/main.go:82.2,84.22 3 0
secretary_go_demo/cmd/secretary/main.go:84.22,86.17 2 0
secretary_go_demo/cmd/secretary/main.go:86.17,88.4 1 0
secretary_go_demo/cmd/secretary/main.go:89.3,90.17 2 0
secretary_go_demo/cmd/secretary/main.go:90.17,92.4 1 0
secretary_go_demo/cmd/secretary/main.go:93.3,93.30 1 0
secretary_go_demo/cmd/secretary/main.go:95.2,97.15 3 0
secretary_go_demo/cmd/secretary/main.go:97.15,99.15 2 0
secretary_go_demo/cmd/secretary/main.go:99.15,101.4 1 0
secretary_go_demo/cmd/secretary/main.go:102.3,102.21 1 0
secretary_go_demo/cmd/secretary/main.go:104.2,104.24 1 0
secretary_go_demo/cmd/secretary/main.go:104.24,105.45 1 0
secretary_go_demo/cmd/secretary/main.go:105.45,107.4 1 0
secretary_go_demo/cmd/secretary/main.go:108.3,108.18 1 0
secretary_go_demo/cmd/secretary/main.go:108.18,110.4 1 0
secretary_go_demo/cmd/secretary/main.go:111.3,111.27 1 0
secretary_go_demo/cmd/secretary/main.go:113.2,114.14 2 0
secretary_go_demo/cmd/secretary/main.go:114.14,116.3 1 0
secretary_go_demo/cmd/secretary/main.go:117.2,118.17 2 0
secretary_go_demo/cmd/secretary/main.go:118.17,120.3 1 0
secretary_go_demo/cmd/secretary/main.go:121.2,122.14 2 0
secretary_go_demo/cmd/secretary/main.go:122.14,124.3 1 0
secretary_go_demo/cmd/secretary/main.go:125.2,126.17 2 0
secretary_go_demo/cmd/secretary/main.go:127.20,129.13 2 0
secretary_go_demo/cmd/secretary/main.go:130.17,131.20 1 0
secretary_go_demo/cmd/secretary/main.go:131.20,133.4 1 0
secretary_go_demo/cmd/secretary/main.go:134.3,134.18 1 0
secretary_go_demo/cmd/secretary/main.go:135.17,137.16 2 0
secretary_go_demo/cmd/secretary/main.go:137.16,139.5 1 0
secretary_go_demo/cmd/secretary/main.go:140.4,141.40 2 0
secretary_go_demo/cmd/secretary/main.go:141.40,143.5 1 0
secretary_go_demo/cmd/secretary/main.go:144.4,145.16 2 0
secretary_go_demo/cmd/secretary/main.go:145.16,147.5 1 0
secretary_go_demo/cmd/secretary/main.go:148.4,149.14 2 0
secretary_go_demo/cmd/secretary/main.go:150.28,151.58 1 0
secretary_go_demo/cmd/secretary/main.go:153.3,153.46 1 0
secretary_go_demo/cmd/secretary/main.go:154.15,156.15 2 0
secretary_go_demo/cmd/secretary/main.go:156.15,158.4 1 0
secretary_go_demo/cmd/secretary/main.go:159.3,162.13 4 0
secretary_go_demo/cmd/secretary/main.go:162.13,162.48 1 0
secretary_go_demo/cmd/secretary/main.go:163.3,165.10 3 0
secretary_go_demo/cmd/secretary/main.go:166.22,167.45 1 0
secretary_go_demo/cmd/secretary/main.go:167.45,169.5 1 0
secretary_go_demo/cmd/secretary/main.go:170.21,170.21 0 0
secretary_go_demo/cmd/secretary/main.go:172.3,174.35 3 0
secretary_go_demo/cmd/secretary/main.go:175.10,176.40 1 0
secretary_go_demo/cmd/secretary/main.go:176.40,179.4 2 0
secretary_go_demo/cmd/secretary/main.go:180.3,180.39 1 0
secretary_go_demo/internal/domain/record.go:26.13,35.32 9 0
secretary_go_demo/internal/domain/record.go:35.32,39.3 3 0
secretary_go_demo/internal/domain/record.go:40.2,42.32 3 0
secretary_go_demo/internal/domain/record.go:44.20,45.14 1 0
secretary_go_demo/internal/domain/record.go:45.14,46.11 1 0
secretary_go_demo/internal/domain/record.go:49.18,56.2 6 0
secretary_go_demo/internal/domain/record.go:57.30,62.2 4 0
secretary_go_demo/internal/domain/record.go:63.28,63.86 2 0
secretary_go_demo/internal/domain/record.go:64.28,64.80 1 0
secretary_go_demo/internal/domain/record.go:65.28,65.74 3 0
secretary_go_demo/internal/domain/record.go:66.28,66.85 3 0
secretary_go_demo/internal/domain/record.go:67.28,67.68 2 0
secretary_go_demo/internal/domain/record.go:68.28,68.60 2 0
secretary_go_demo/internal/domain/record.go:69.21,70.23 1 0
secretary_go_demo/internal/domain/record.go:71.11,72.18 1 0
secretary_go_demo/internal/domain/record.go:73.13,74.11 1 0
secretary_go_demo/internal/domain/record.go:75.15,76.18 1 0
secretary_go_demo/internal/domain/record.go:77.19,79.11 2 0
secretary_go_demo/internal/domain/record.go:81.2,81.10 1 0
secretary_go_demo/internal/domain/record.go:83.21,83.52 2 0
secretary_go_demo/internal/domain/record.go:84.30,86.25 2 0
secretary_go_demo/internal/domain/record.go:86.25,88.3 1 0
secretary_go_demo/internal/domain/record.go:89.2,89.10 1 0
secretary_go_demo/internal/domain/record.go:91.32,92.25 1 0
secretary_go_demo/internal/domain/record.go:92.25,93.16 1 0
secretary_go_demo/internal/domain/record.go:93.16,95.4 1 0
secretary_go_demo/internal/domain/record.go:97.2,97.14 1 0
secretary_go_demo/internal/domain/record.go:99.28,99.84 2 0
secretary_go_demo/internal/domain/record.go:100.36,103.32 3 0
secretary_go_demo/internal/domain/record.go:103.32,105.3 1 0
secretary_go_demo/internal/domain/record.go:106.2,106.34 1 0
secretary_go_demo/internal/domain/record.go:106.34,108.3 1 0
secretary_go_demo/internal/domain/record.go:109.2,109.12 1 0
secretary_go_demo/internal/domain/record.go:111.41,113.19 2 0
secretary_go_demo/internal/domain/record.go:113.19,115.3 1 0
secretary_go_demo/internal/domain/record.go:116.2,117.49 2 0
secretary_go_demo/internal/domain/record.go:117.49,119.3 1 0
secretary_go_demo/internal/domain/record.go:120.2,120.27 1 0
secretary_go_demo/internal/domain/record.go:122.41,124.58 2 0
secretary_go_demo/internal/domain/record.go:124.58,126.3 1 0
secretary_go_demo/internal/domain/record.go:127.2,128.58 2 0
secretary_go_demo/internal/domain/record.go:128.58,130.3 1 0
secretary_go_demo/internal/domain/record.go:131.2,134.70 4 0
secretary_go_demo/internal/domain/record.go:134.70,136.3 1 0
secretary_go_demo/internal/domain/record.go:137.2,138.14 2 0
secretary_go_demo/internal/domain/record.go:138.14,140.3 1 0
secretary_go_demo/internal/domain/record.go:141.2,141.22 1 0
secretary_go_demo/internal/domain/record.go:145.27,145.68 1 0
secretary_go_demo/internal/domain/record.go:146.21,147.36 1 0
secretary_go_demo/internal/domain/record.go:147.36,149.3 1 0
secretary_go_demo/internal/domain/record.go:150.2,150.29 1 0
secretary_go_demo/internal/domain/record.go:150.29,152.3 1 0
secretary_go_demo/internal/domain/record.go:153.2,153.29 1 0
secretary_go_demo/internal/domain/record.go:153.29,155.3 1 0
secretary_go_demo/internal/domain/record.go:156.2,156.22 1 0
secretary_go_demo/internal/domain/record.go:157.16,159.40 2 0
secretary_go_demo/internal/domain/record.go:159.40,161.4 1 0
secretary_go_demo/internal/domain/record.go:162.3,162.11 1 0
secretary_go_demo/internal/domain/record.go:163.15,164.17 1 0
secretary_go_demo/internal/domain/record.go:165.17,166.18 1 0
secretary_go_demo/internal/domain/record.go:167.17,168.15 1 0
secretary_go_demo/internal/domain/record.go:169.16,170.12 1 0
secretary_go_demo/internal/domain/record.go:172.2,172.12 1 0
secretary_go_demo/internal/domain/record.go:174.25,180.2 5 0
secretary_go_demo/internal/domain/record.go:181.47,183.19 2 0
secretary_go_demo/internal/domain/record.go:183.19,185.3 1 0
secretary_go_demo/internal/domain/record.go:186.2,186.16 1 0
secretary_go_demo/internal/domain/record.go:186.16,188.3 1 0
secretary_go_demo/internal/domain/record.go:189.2,189.21 1 0
secretary_go_demo/internal/domain/record.go:189.21,191.3 1 0
secretary_go_demo/internal/domain/record.go:192.2,192.10 1 0
secretary_go_demo/internal/domain/record.go:194.68,195.12 1 0
secretary_go_demo/internal/domain/record.go:195.12,197.3 1 0
secretary_go_demo/internal/domain/record.go:198.2,198.59 1 0
secretary_go_demo/internal/domain/record.go:198.59,200.53 2 0
secretary_go_demo/internal/domain/record.go:200.53,202.4 1 0
secretary_go_demo/internal/domain/record.go:204.2,204.76 1 0
secretary_go_demo/internal/domain/record.go:206.42,207.16 1 0
secretary_go_demo/internal/domain/record.go:207.16,209.3 1 0
secretary_go_demo/internal/domain/record.go:210.2,210.59 1 0
secretary_go_demo/internal/domain/record.go:210.59,212.47 2 0
secretary_go_demo/internal/domain/record.go:212.47,214.4 1 0
secretary_go_demo/internal/domain/record.go:216.2,216.14 1 0
secretary_go_demo/internal/domain/record.go:218.33,219.13 1 0
secretary_go_demo/internal/domain/record.go:220.17,221.16 1 0
secretary_go_demo/internal/domain/record.go:222.19,223.16 1 0
secretary_go_demo/internal/domain/record.go:224.23,225.22 1 0
secretary_go_demo/internal/domain/record.go:226.18,227.16 1 0
secretary_go_demo/internal/domain/record.go:228.30,229.25 1 0
secretary_go_demo/internal/domain/record.go:230.25,231.20 1 0
secretary_go_demo/internal/domain/record.go:232.29,233.19 1 0
secretary_go_demo/internal/domain/record.go:235.2,235.12 1 0
secretary_go_demo/internal/domain/record.go:242.42,242.62 1 0
secretary_go_demo/internal/domain/record.go:243.53,244.72 1 0
secretary_go_demo/internal/domain/record.go:244.72,246.3 1 0
secretary_go_demo/internal/domain/record.go:247.2,247.44 1 0
secretary_go_demo/internal/domain/record.go:247.44,248.18 1 0
secretary_go_demo/internal/domain/record.go:248.18,250.4 1 0
secretary_go_demo/internal/domain/record.go:252.2,252.13 1 0
secretary_go_demo/internal/domain/record.go:254.58,255.55 1 0
secretary_go_demo/internal/domain/record.go:255.55,257.3 1 0
secretary_go_demo/internal/domain/record.go:258.2,258.26 1 0
secretary_go_demo/programs/report.go:11.13,15.72 2 0
secretary_go_demo/programs/report.go:15.72,17.3 1 0
secretary_go_demo/programs/report.go:18.2,18.153 1 0
secretary_go_demo/internal/model/model.go:27.54,29.117 2 1
secretary_go_demo/internal/model/model.go:29.117,31.3 1 0
secretary_go_demo/internal/model/model.go:32.2,32.136 1 1
secretary_go_demo/internal/model/model.go:32.136,32.170 1 0
secretary_go_demo/internal/model/model.go:34.90,36.23 2 3
secretary_go_demo/internal/model/model.go:36.23,38.3 1 1
secretary_go_demo/internal/model/model.go:39.2,39.15 1 3
secretary_go_demo/internal/model/model.go:39.15,41.3 1 0
secretary_go_demo/internal/model/model.go:42.2,43.14 2 3
secretary_go_demo/internal/model/model.go:43.14,45.3 1 0
secretary_go_demo/internal/model/model.go:46.2,51.14 6 3
secretary_go_demo/internal/model/model.go:51.14,53.3 1 0
secretary_go_demo/internal/model/model.go:54.2,56.14 3 3
secretary_go_demo/internal/model/model.go:56.14,58.3 1 0
secretary_go_demo/internal/model/model.go:59.2,59.28 1 3
secretary_go_demo/internal/model/model.go:59.28,61.3 1 0
secretary_go_demo/internal/model/model.go:62.2,63.41 2 3
secretary_go_demo/internal/model/model.go:63.41,65.3 1 0
secretary_go_demo/internal/model/model.go:66.2,66.37 1 3
secretary_go_demo/internal/model/model.go:66.37,68.3 1 1
secretary_go_demo/internal/model/model.go:69.2,69.32 1 2
secretary_go_demo/internal/model/model.go:69.32,71.3 1 0
secretary_go_demo/internal/model/model.go:72.2,72.15 1 2
secretary_go_demo/internal/model/model.go:74.32,76.44 2 0
secretary_go_demo/internal/model/model.go:76.44,78.29 2 0
secretary_go_demo/internal/model/model.go:78.29,79.40 1 0
secretary_go_demo/internal/model/model.go:79.40,80.48 1 0
secretary_go_demo/internal/model/model.go:80.48,82.6 1 0
secretary_go_demo/internal/model/model.go:86.2,86.19 1 0
secretary_go_demo/internal/model/model.go:88.65,89.21 1 0
secretary_go_demo/internal/model/model.go:89.21,91.3 1 0
secretary_go_demo/internal/model/model.go:92.2,92.195 1 0
secretary_go_demo/internal/model/model.go:94.16,94.48 1 0
secretary_go_demo/internal/model/model.go:95.34,96.29 1 0
secretary_go_demo/internal/model/model.go:96.29,98.3 1 0
secretary_go_demo/internal/model/model.go:99.2,99.23 1 0
secretary_go_demo/internal/model/model.go:99.23,107.3 1 0
secretary_go_demo/internal/model/model.go:108.2,115.3 1 0
secretary_go_demo/internal/transport/server.go:25.41,27.38 2 0
secretary_go_demo/internal/transport/server.go:27.38,28.18 1 0
secretary_go_demo/internal/transport/server.go:28.18,30.4 1 0
secretary_go_demo/internal/transport/server.go:31.3,31.43 1 0
secretary_go_demo/internal/transport/server.go:32.8,32.30 1 0
secretary_go_demo/internal/transport/server.go:32.30,34.3 1 0
secretary_go_demo/internal/transport/server.go:35.2,36.36 2 0
secretary_go_demo/internal/transport/server.go:36.36,38.3 1 0
secretary_go_demo/internal/transport/server.go:39.2,40.46 2 0
secretary_go_demo/internal/transport/server.go:42.41,42.77 1 2
secretary_go_demo/internal/transport/server.go:43.64,46.22 3 9
secretary_go_demo/internal/transport/server.go:46.22,49.3 2 1
secretary_go_demo/internal/transport/server.go:50.2,50.82 1 8
secretary_go_demo/internal/transport/server.go:50.82,53.3 2 1
secretary_go_demo/internal/transport/server.go:54.2,54.52 1 7
secretary_go_demo/internal/transport/server.go:54.52,57.3 2 2
secretary_go_demo/internal/transport/server.go:58.2,58.51 1 5
secretary_go_demo/internal/transport/server.go:58.51,61.3 2 0
secretary_go_demo/internal/transport/server.go:62.2,63.27 2 5
secretary_go_demo/internal/transport/server.go:63.27,66.3 2 3
secretary_go_demo/internal/transport/server.go:67.2,70.37 4 2
secretary_go_demo/internal/transport/server.go:71.25,72.181 1 0
secretary_go_demo/internal/transport/server.go:73.24,77.39 4 0
secretary_go_demo/internal/transport/server.go:77.39,78.36 1 0
secretary_go_demo/internal/transport/server.go:78.36,79.13 1 0
secretary_go_demo/internal/transport/server.go:81.4,82.16 2 0
secretary_go_demo/internal/transport/server.go:82.16,84.10 2 0
secretary_go_demo/internal/transport/server.go:86.4,87.40 2 0
secretary_go_demo/internal/transport/server.go:87.40,89.5 1 0
secretary_go_demo/internal/transport/server.go:90.4,92.26 3 0
secretary_go_demo/internal/transport/server.go:92.26,93.10 1 0
secretary_go_demo/internal/transport/server.go:96.3,96.44 1 0
secretary_go_demo/internal/transport/server.go:97.25,102.44 2 2
secretary_go_demo/internal/transport/server.go:102.44,104.4 1 1
secretary_go_demo/internal/transport/server.go:105.23,106.33 1 0
secretary_go_demo/internal/transport/server.go:107.29,108.66 1 0
secretary_go_demo/internal/transport/server.go:109.31,114.44 2 0
secretary_go_demo/internal/transport/server.go:114.44,116.4 1 0
secretary_go_demo/internal/transport/server.go:117.33,122.44 2 0
secretary_go_demo/internal/transport/server.go:122.44,124.4 1 0
secretary_go_demo/internal/transport/server.go:125.27,127.58 2 0
secretary_go_demo/internal/transport/server.go:127.58,129.16 2 0
secretary_go_demo/internal/transport/server.go:129.16,131.10 2 0
secretary_go_demo/internal/transport/server.go:133.4,135.62 3 0
secretary_go_demo/internal/transport/server.go:137.3,137.13 1 0
secretary_go_demo/internal/transport/server.go:138.38,140.44 2 0
secretary_go_demo/internal/transport/server.go:140.44,142.4 1 0
secretary_go_demo/internal/transport/server.go:143.28,144.34 1 0
secretary_go_demo/internal/transport/server.go:145.28,149.44 2 0
secretary_go_demo/internal/transport/server.go:149.44,151.4 1 0
secretary_go_demo/internal/transport/server.go:152.24,157.44 2 0
secretary_go_demo/internal/transport/server.go:157.44,159.4 1 0
secretary_go_demo/internal/transport/server.go:160.23,161.42 1 0
secretary_go_demo/internal/transport/server.go:162.29,164.18 2 0
secretary_go_demo/internal/transport/server.go:164.18,166.9 2 0
secretary_go_demo/internal/transport/server.go:168.3,170.17 3 0
secretary_go_demo/internal/transport/server.go:170.17,174.4 3 0
secretary_go_demo/internal/transport/server.go:175.31,177.50 2 0
secretary_go_demo/internal/transport/server.go:177.50,180.18 3 0
secretary_go_demo/internal/transport/server.go:180.18,181.10 1 0
secretary_go_demo/internal/transport/server.go:183.4,184.26 2 0
secretary_go_demo/internal/transport/server.go:186.3,186.13 1 0
secretary_go_demo/internal/transport/server.go:187.36,191.44 2 0
secretary_go_demo/internal/transport/server.go:191.44,194.4 2 0
secretary_go_demo/internal/transport/server.go:195.24,197.24 2 0
secretary_go_demo/internal/transport/server.go:198.30,200.28 2 0
secretary_go_demo/internal/transport/server.go:201.30,203.41 2 0
secretary_go_demo/internal/transport/server.go:203.41,205.4 1 0
secretary_go_demo/internal/transport/server.go:206.23,207.92 1 0
secretary_go_demo/internal/transport/server.go:208.10,210.9 2 0
secretary_go_demo/internal/transport/server.go:212.2,212.16 1 2
secretary_go_demo/internal/transport/server.go:212.16,215.3 2 1
secretary_go_demo/internal/transport/server.go:216.2,216.15 1 1
secretary_go_demo/internal/transport/server.go:218.30,220.2 1 5
secretary_go_demo/internal/transport/server.go:221.66,222.74 1 2
secretary_go_demo/internal/transport/server.go:222.74,224.3 1 0
secretary_go_demo/internal/transport/server.go:225.2,226.14 2 2
secretary_go_demo/internal/transport/server.go:226.14,228.3 1 0
secretary_go_demo/internal/transport/server.go:229.2,229.23 1 2
secretary_go_demo/internal/transport/server.go:231.42,234.2 2 1
secretary_go_demo/internal/transport/server.go:235.43,238.9 3 1
secretary_go_demo/internal/transport/server.go:239.41,240.13 1 0
secretary_go_demo/internal/transport/server.go:241.42,242.13 1 0
secretary_go_demo/internal/transport/server.go:243.40,244.13 1 0
secretary_go_demo/internal/transport/server.go:245.44,246.13 1 0
secretary_go_demo/internal/transport/server.go:248.2,250.46 3 1
secretary_go_demo/internal/store/invariants.go:10.38,12.14 2 20
secretary_go_demo/internal/store/invariants.go:12.14,13.55 1 12
secretary_go_demo/internal/store/invariants.go:13.55,15.4 1 0
secretary_go_demo/internal/store/invariants.go:16.3,16.13 1 12
secretary_go_demo/internal/store/invariants.go:18.2,18.23 1 8
secretary_go_demo/internal/store/invariants.go:18.23,20.3 1 0
secretary_go_demo/internal/store/invariants.go:21.2,22.20 2 8
secretary_go_demo/internal/store/invariants.go:22.20,24.3 1 0
secretary_go_demo/internal/store/invariants.go:25.2,25.40 1 8
secretary_go_demo/internal/store/invariants.go:25.40,27.3 1 0
secretary_go_demo/internal/store/invariants.go:28.2,28.58 1 8
secretary_go_demo/internal/store/invariants.go:28.58,30.3 1 0
secretary_go_demo/internal/store/invariants.go:31.2,31.24 1 8
secretary_go_demo/internal/store/invariants.go:33.49,34.50 1 7
secretary_go_demo/internal/store/invariants.go:34.50,36.15 2 0
secretary_go_demo/internal/store/invariants.go:36.15,38.4 1 0
secretary_go_demo/internal/store/invariants.go:39.3,39.16 1 0
secretary_go_demo/internal/store/invariants.go:41.2,41.28 1 7
secretary_go_demo/internal/store/invariants.go:41.28,43.14 2 5
secretary_go_demo/internal/store/invariants.go:44.18,45.72 1 0
secretary_go_demo/internal/store/invariants.go:45.72,47.5 1 0
secretary_go_demo/internal/store/invariants.go:48.4,48.51 1 0
secretary_go_demo/internal/store/invariants.go:48.51,50.17 2 0
secretary_go_demo/internal/store/invariants.go:50.17,52.6 1 0
secretary_go_demo/internal/store/invariants.go:53.5,53.71 1 0
secretary_go_demo/internal/store/invariants.go:53.71,55.6 1 0
secretary_go_demo/internal/store/invariants.go:57.33,58.60 1 0
secretary_go_demo/internal/store/invariants.go:58.60,60.5 1 0
secretary_go_demo/internal/store/invariants.go:61.20,62.58 1 0
secretary_go_demo/internal/store/invariants.go:62.58,64.5 1 0
secretary_go_demo/internal/store/invariants.go:65.4,65.29 1 0
secretary_go_demo/internal/store/invariants.go:65.29,67.17 2 0
secretary_go_demo/internal/store/invariants.go:67.17,69.6 1 0
secretary_go_demo/internal/store/invariants.go:70.5,70.37 1 0
secretary_go_demo/internal/store/invariants.go:70.37,72.6 1 0
secretary_go_demo/internal/store/invariants.go:74.4,74.33 1 0
secretary_go_demo/internal/store/invariants.go:74.33,76.17 2 0
secretary_go_demo/internal/store/invariants.go:76.17,78.6 1 0
secretary_go_demo/internal/store/invariants.go:79.5,79.37 1 0
secretary_go_demo/internal/store/invariants.go:79.37,81.6 1 0
secretary_go_demo/internal/store/invariants.go:83.20,85.16 2 0
secretary_go_demo/internal/store/invariants.go:85.16,87.5 1 0
secretary_go_demo/internal/store/invariants.go:88.4,88.31 1 0
secretary_go_demo/internal/store/invariants.go:88.31,90.5 1 0
secretary_go_demo/internal/store/invariants.go:91.97,93.16 2 0
secretary_go_demo/internal/store/invariants.go:93.16,95.5 1 0
secretary_go_demo/internal/store/invariants.go:96.4,96.36 1 0
secretary_go_demo/internal/store/invariants.go:96.36,98.5 1 0
secretary_go_demo/internal/store/invariants.go:99.31,101.16 2 0
secretary_go_demo/internal/store/invariants.go:101.16,103.5 1 0
secretary_go_demo/internal/store/invariants.go:104.4,104.68 1 0
secretary_go_demo/internal/store/invariants.go:104.68,106.5 1 0
secretary_go_demo/internal/store/invariants.go:107.23,108.64 1 0
secretary_go_demo/internal/store/invariants.go:108.64,110.5 1 0
secretary_go_demo/internal/store/invariants.go:113.2,113.12 1 7
secretary_go_demo/internal/store/store.go:43.55,44.27 1 7
secretary_go_demo/internal/store/store.go:44.27,46.17 2 0
secretary_go_demo/internal/store/store.go:46.17,48.4 1 0
secretary_go_demo/internal/store/store.go:50.2,50.68 1 7
secretary_go_demo/internal/store/store.go:50.68,52.3 1 0
secretary_go_demo/internal/store/store.go:53.2,55.16 3 7
secretary_go_demo/internal/store/store.go:55.16,57.3 1 0
secretary_go_demo/internal/store/store.go:58.2,58.79 1 7
secretary_go_demo/internal/store/store.go:58.79,61.3 2 1
secretary_go_demo/internal/store/store.go:62.2,62.15 1 6
secretary_go_demo/internal/store/store.go:62.15,63.17 1 6
secretary_go_demo/internal/store/store.go:63.17,65.4 1 2
secretary_go_demo/internal/store/store.go:67.2,68.16 2 6
secretary_go_demo/internal/store/store.go:68.16,70.3 1 0
secretary_go_demo/internal/store/store.go:71.2,71.63 1 6
secretary_go_demo/internal/store/store.go:71.63,73.3 1 0
secretary_go_demo/internal/store/store.go:74.2,74.34 1 6
secretary_go_demo/internal/store/store.go:74.34,76.3 1 2
secretary_go_demo/internal/store/store.go:77.2,77.47 1 4
secretary_go_demo/internal/store/store.go:77.47,79.3 1 0
secretary_go_demo/internal/store/store.go:80.2,82.8 3 4
secretary_go_demo/internal/store/store.go:84.31,85.14 1 6
secretary_go_demo/internal/store/store.go:85.14,87.3 1 0
secretary_go_demo/internal/store/store.go:88.2,88.19 1 6
secretary_go_demo/internal/store/store.go:88.19,90.3 1 6
secretary_go_demo/internal/store/store.go:91.2,91.19 1 6
secretary_go_demo/internal/store/store.go:91.19,94.3 2 6
secretary_go_demo/internal/store/store.go:95.2,95.12 1 0
secretary_go_demo/internal/store/store.go:97.33,99.14 2 23
secretary_go_demo/internal/store/store.go:99.14,101.3 1 0
secretary_go_demo/internal/store/store.go:102.2,103.17 2 23
secretary_go_demo/internal/store/store.go:105.42,106.53 1 5
secretary_go_demo/internal/store/store.go:106.53,108.3 1 0
secretary_go_demo/internal/store/store.go:109.2,110.14 2 5
secretary_go_demo/internal/store/store.go:110.14,112.3 1 0
secretary_go_demo/internal/store/store.go:113.2,115.33 3 5
secretary_go_demo/internal/store/store.go:115.33,117.3 1 5
secretary_go_demo/internal/store/store.go:118.2,118.30 1 5
secretary_go_demo/internal/store/store.go:118.30,120.3 1 5
secretary_go_demo/internal/store/store.go:121.2,121.14 1 5
secretary_go_demo/internal/store/store.go:121.14,123.3 1 0
secretary_go_demo/internal/store/store.go:124.2,124.40 1 5
secretary_go_demo/internal/store/store.go:124.40,126.3 1 0
secretary_go_demo/internal/store/store.go:127.2,127.36 1 5
secretary_go_demo/internal/store/store.go:129.58,134.43 5 4
secretary_go_demo/internal/store/store.go:134.43,135.27 1 0
secretary_go_demo/internal/store/store.go:135.27,137.4 1 0
secretary_go_demo/internal/store/store.go:138.3,138.18 1 0
secretary_go_demo/internal/store/store.go:139.8,139.30 1 4
secretary_go_demo/internal/store/store.go:139.30,141.3 1 0
secretary_go_demo/internal/store/store.go:142.2,142.36 1 4
secretary_go_demo/internal/store/store.go:142.36,144.3 1 0
secretary_go_demo/internal/store/store.go:145.2,145.62 1 4
secretary_go_demo/internal/store/store.go:145.62,147.3 1 0
secretary_go_demo/internal/store/store.go:148.2,148.17 1 4
secretary_go_demo/internal/store/store.go:150.47,152.64 2 5
secretary_go_demo/internal/store/store.go:152.64,154.3 1 0
secretary_go_demo/internal/store/store.go:155.2,156.47 2 5
secretary_go_demo/internal/store/store.go:156.47,158.15 2 13
secretary_go_demo/internal/store/store.go:158.15,160.4 1 1
secretary_go_demo/internal/store/store.go:161.3,161.35 1 12
secretary_go_demo/internal/store/store.go:161.35,163.4 1 0
secretary_go_demo/internal/store/store.go:165.2,166.14 2 4
secretary_go_demo/internal/store/store.go:166.14,168.3 1 0
secretary_go_demo/internal/store/store.go:169.2,169.58 1 4
secretary_go_demo/internal/store/store.go:169.58,171.3 1 0
secretary_go_demo/internal/store/store.go:172.2,172.15 1 4
secretary_go_demo/internal/store/store.go:174.40,175.23 1 72
secretary_go_demo/internal/store/store.go:176.22,177.72 1 6
secretary_go_demo/internal/store/store.go:177.72,180.4 2 0
secretary_go_demo/internal/store/store.go:181.3,181.23 1 6
secretary_go_demo/internal/store/store.go:181.23,182.37 1 66
secretary_go_demo/internal/store/store.go:182.37,184.5 1 0
secretary_go_demo/internal/store/store.go:186.13,187.23 1 12
secretary_go_demo/internal/store/store.go:187.23,188.37 1 0
secretary_go_demo/internal/store/store.go:188.37,190.5 1 0
secretary_go_demo/internal/store/store.go:193.2,193.12 1 72
secretary_go_demo/internal/store/store.go:195.40,195.65 1 8
secretary_go_demo/internal/store/store.go:196.40,196.96 3 1
secretary_go_demo/internal/store/store.go:197.40,199.30 2 1
secretary_go_demo/internal/store/store.go:199.30,200.35 1 1
secretary_go_demo/internal/store/store.go:200.35,202.4 1 1
secretary_go_demo/internal/store/store.go:204.2,204.36 1 1
secretary_go_demo/internal/store/store.go:204.36,204.80 1 0
secretary_go_demo/internal/store/store.go:205.2,205.10 1 1
secretary_go_demo/internal/store/store.go:207.41,210.44 3 1
secretary_go_demo/internal/store/store.go:210.44,212.3 1 1
secretary_go_demo/internal/store/store.go:213.2,213.12 1 0
secretary_go_demo/internal/store/store.go:215.32,219.29 4 0
secretary_go_demo/internal/store/store.go:219.29,221.3 1 0
secretary_go_demo/internal/store/store.go:222.2,222.10 1 0
secretary_go_demo/internal/store/store.go:224.34,224.52 1 0
secretary_go_demo/internal/store/store.go:225.34,225.84 3 2
secretary_go_demo/internal/store/store.go:226.38,227.44 1 0
secretary_go_demo/internal/store/store.go:227.44,229.3 1 0
secretary_go_demo/internal/store/store.go:230.2,230.46 1 0
secretary_go_demo/internal/store/store.go:230.46,232.3 1 0
secretary_go_demo/internal/store/store.go:233.2,233.12 1 0
secretary_go_demo/internal/store/store.go:235.37,237.34 2 0
secretary_go_demo/internal/store/store.go:237.34,239.3 1 0
secretary_go_demo/internal/store/store.go:240.2,240.30 1 0
secretary_go_demo/internal/store/store.go:240.30,241.35 1 0
secretary_go_demo/internal/store/store.go:241.35,243.4 1 0
secretary_go_demo/internal/store/store.go:245.2,246.22 2 0
secretary_go_demo/internal/store/store.go:246.22,248.3 1 0
secretary_go_demo/internal/store/store.go:249.2,249.10 1 0
secretary_go_demo/internal/store/store.go:251.32,255.16 4 4
secretary_go_demo/internal/store/store.go:255.16,256.49 1 2
secretary_go_demo/internal/store/store.go:256.49,258.4 1 1
secretary_go_demo/internal/store/store.go:259.3,260.121 2 1
secretary_go_demo/internal/store/store.go:260.121,262.4 1 0
secretary_go_demo/internal/store/store.go:263.3,263.123 1 1
secretary_go_demo/internal/store/store.go:263.123,265.4 1 0
secretary_go_demo/internal/store/store.go:267.2,267.35 1 3
secretary_go_demo/internal/store/store.go:267.35,269.3 1 0
secretary_go_demo/internal/store/store.go:270.2,272.12 3 3
secretary_go_demo/internal/store/store.go:274.41,274.91 1 3
secretary_go_demo/internal/store/store.go:275.88,277.14 2 0
secretary_go_demo/internal/store/store.go:277.14,279.3 1 0
secretary_go_demo/internal/store/store.go:280.2,283.34 4 0
secretary_go_demo/internal/store/store.go:283.34,285.3 1 0
secretary_go_demo/internal/store/store.go:285.8,285.39 1 0
secretary_go_demo/internal/store/store.go:285.39,287.3 1 0
secretary_go_demo/internal/store/store.go:288.2,297.15 10 0
secretary_go_demo/internal/store/store.go:299.57,308.2 8 0
secretary_go_demo/internal/store/store.go:309.53,310.33 1 0
secretary_go_demo/internal/store/store.go:310.33,311.33 1 0
secretary_go_demo/internal/store/store.go:311.33,312.38 1 0
secretary_go_demo/internal/store/store.go:312.38,314.5 1 0
secretary_go_demo/internal/store/store.go:315.4,315.26 1 0
secretary_go_demo/internal/store/store.go:318.2,318.17 1 0
secretary_go_demo/internal/store/store.go:320.50,323.16 3 4
secretary_go_demo/internal/store/store.go:323.16,325.3 1 0
secretary_go_demo/internal/store/store.go:326.2,327.26 2 4
secretary_go_demo/internal/store/store.go:327.26,329.3 1 1
secretary_go_demo/internal/store/store.go:330.2,330.55 1 3
secretary_go_demo/internal/store/store.go:330.55,332.3 1 0
secretary_go_demo/internal/store/store.go:333.2,334.30 2 3
secretary_go_demo/internal/store/store.go:334.30,336.3 1 1
secretary_go_demo/internal/store/store.go:337.2,337.30 1 3
secretary_go_demo/internal/store/store.go:337.30,339.3 1 3
secretary_go_demo/internal/store/store.go:340.2,340.44 1 3
secretary_go_demo/internal/store/store.go:340.44,342.3 1 0
secretary_go_demo/internal/store/store.go:343.2,350.30 8 3
secretary_go_demo/internal/store/store.go:350.30,351.58 1 3
secretary_go_demo/internal/store/store.go:351.58,353.4 1 0
secretary_go_demo/internal/store/store.go:354.3,354.36 1 3
secretary_go_demo/internal/store/store.go:354.36,356.4 1 0
secretary_go_demo/internal/store/store.go:357.3,358.15 2 3
secretary_go_demo/internal/store/store.go:358.15,360.4 1 0
secretary_go_demo/internal/store/store.go:361.3,362.38 2 3
secretary_go_demo/internal/store/store.go:362.38,364.4 1 1
secretary_go_demo/internal/store/store.go:365.3,365.148 1 3
secretary_go_demo/internal/store/store.go:367.2,370.48 4 3
secretary_go_demo/internal/store/store.go:370.48,372.3 1 3
secretary_go_demo/internal/store/store.go:373.2,373.23 1 3
secretary_go_demo/internal/store/store.go:373.23,375.3 1 3
secretary_go_demo/internal/store/store.go:376.2,376.56 1 3
secretary_go_demo/internal/store/store.go:376.56,378.3 1 0
secretary_go_demo/internal/store/store.go:379.2,380.20 2 3
secretary_go_demo/internal/store/store.go:380.20,382.3 1 0
secretary_go_demo/internal/store/store.go:383.2,385.42 3 3
secretary_go_demo/internal/store/store.go:385.42,388.3 2 0
secretary_go_demo/internal/store/store.go:389.2,389.34 1 3
secretary_go_demo/internal/store/store.go:389.34,392.3 2 0
secretary_go_demo/internal/store/store.go:393.2,393.30 1 3
secretary_go_demo/internal/store/store.go:393.30,395.3 1 3
secretary_go_demo/internal/store/store.go:396.2,401.12 6 3
secretary_go_demo/internal/store/store.go:403.32,406.6 3 6
secretary_go_demo/internal/store/store.go:406.6,408.18 2 9
secretary_go_demo/internal/store/store.go:408.18,409.21 1 4
secretary_go_demo/internal/store/store.go:409.21,410.93 1 1
secretary_go_demo/internal/store/store.go:410.93,412.6 1 0
secretary_go_demo/internal/store/store.go:413.5,413.47 1 1
secretary_go_demo/internal/store/store.go:413.47,415.6 1 0
secretary_go_demo/internal/store/store.go:416.5,416.37 1 1
secretary_go_demo/internal/store/store.go:416.37,418.6 1 0
secretary_go_demo/internal/store/store.go:420.4,420.9 1 4
secretary_go_demo/internal/store/store.go:422.3,422.15 1 5
secretary_go_demo/internal/store/store.go:422.15,424.4 1 0
secretary_go_demo/internal/store/store.go:425.3,425.26 1 5
secretary_go_demo/internal/store/store.go:425.26,427.4 1 0
secretary_go_demo/internal/store/store.go:428.3,429.39 2 5
secretary_go_demo/internal/store/store.go:429.39,431.4 1 0
secretary_go_demo/internal/store/store.go:432.3,433.56 2 5
secretary_go_demo/internal/store/store.go:433.56,435.4 1 1
secretary_go_demo/internal/store/store.go:436.3,437.36 2 4
secretary_go_demo/internal/store/store.go:437.36,439.4 1 0
secretary_go_demo/internal/store/store.go:440.3,440.56 1 4
secretary_go_demo/internal/store/store.go:440.56,442.4 1 0
secretary_go_demo/internal/store/store.go:443.3,443.77 1 4
secretary_go_demo/internal/store/store.go:443.77,445.4 1 0
secretary_go_demo/internal/store/store.go:446.3,446.41 1 4
secretary_go_demo/internal/store/store.go:446.41,449.16 3 4
secretary_go_demo/internal/store/store.go:449.16,451.5 1 1
secretary_go_demo/internal/store/store.go:452.4,453.45 2 3
secretary_go_demo/internal/store/store.go:453.45,455.5 1 0
secretary_go_demo/internal/store/store.go:456.4,456.60 1 3
secretary_go_demo/internal/store/store.go:456.60,458.5 1 0
secretary_go_demo/internal/store/store.go:459.4,461.39 3 3
secretary_go_demo/internal/store/store.go:461.39,463.5 1 0
secretary_go_demo/internal/store/store.go:464.4,464.141 1 3
secretary_go_demo/internal/store/store.go:464.141,466.5 1 0
secretary_go_demo/internal/store/store.go:467.4,467.38 1 3
secretary_go_demo/internal/store/store.go:467.38,469.5 1 0
secretary_go_demo/internal/store/store.go:470.4,470.22 1 3
secretary_go_demo/internal/store/store.go:472.3,472.43 1 3
secretary_go_demo/internal/store/store.go:472.43,474.53 2 0
secretary_go_demo/internal/store/store.go:474.53,476.5 1 0
secretary_go_demo/internal/store/store.go:477.4,477.37 1 0
secretary_go_demo/internal/store/store.go:477.37,479.5 1 0
secretary_go_demo/internal/store/store.go:480.4,480.35 1 0
secretary_go_demo/internal/store/store.go:482.3,482.40 1 3
secretary_go_demo/internal/store/store.go:482.40,484.4 1 0
secretary_go_demo/internal/store/store.go:485.3,489.29 5 3
secretary_go_demo/internal/store/store.go:491.2,491.12 1 4
secretary_go_demo/internal/store/store.go:493.43,494.14 1 0
secretary_go_demo/internal/store/store.go:494.14,495.29 1 0
secretary_go_demo/internal/store/store.go:497.2,497.17 1 0
secretary_go_demo/internal/store/store.go:500.57,503.31 3 0
secretary_go_demo/internal/store/store.go:503.31,504.28 1 0
secretary_go_demo/internal/store/store.go:504.28,506.4 1 0
secretary_go_demo/internal/store/store.go:508.2,508.11 1 0
secretary_go_demo/internal/store/store.go:510.40,515.30 5 0
secretary_go_demo/internal/store/store.go:515.30,516.24 1 0
secretary_go_demo/internal/store/store.go:517.23,518.78 1 0
secretary_go_demo/internal/store/store.go:518.78,520.5 1 0
secretary_go_demo/internal/store/store.go:521.4,521.24 1 0
secretary_go_demo/internal/store/store.go:521.24,522.20 1 0
secretary_go_demo/internal/store/store.go:522.20,524.6 1 0
secretary_go_demo/internal/store/store.go:526.14,527.24 1 0
secretary_go_demo/internal/store/store.go:527.24,528.20 1 0
secretary_go_demo/internal/store/store.go:528.20,530.6 1 0
secretary_go_demo/internal/store/store.go:533.3,533.15 1 0
secretary_go_demo/internal/store/store.go:535.2,535.30 1 0
secretary_go_demo/internal/store/store.go:535.30,536.18 1 0
secretary_go_demo/internal/store/store.go:536.18,538.4 1 0
secretary_go_demo/internal/store/store.go:540.2,540.29 1 0
secretary_go_demo/internal/store/store.go:540.29,541.18 1 0
secretary_go_demo/internal/store/store.go:541.18,543.4 1 0
secretary_go_demo/internal/store/store.go:545.2,545.14 1 0
secretary_go_demo/internal/world/postgres.go:19.65,21.14 2 0
secretary_go_demo/internal/world/postgres.go:21.14,23.3 1 0
secretary_go_demo/internal/world/postgres.go:24.2,24.31 1 0
secretary_go_demo/internal/world/postgres.go:24.31,27.3 2 0
secretary_go_demo/internal/world/postgres.go:28.2,28.28 1 0
secretary_go_demo/internal/world/postgres.go:30.30,30.48 1 0
secretary_go_demo/internal/world/postgres.go:31.57,33.138 2 0
secretary_go_demo/internal/world/postgres.go:33.138,35.3 1 0
secretary_go_demo/internal/world/postgres.go:36.2,36.12 1 0
secretary_go_demo/internal/world/postgres.go:36.12,38.97 2 0
secretary_go_demo/internal/world/postgres.go:38.97,40.4 1 0
secretary_go_demo/internal/world/postgres.go:41.3,41.13 1 0
secretary_go_demo/internal/world/postgres.go:41.13,43.4 1 0
secretary_go_demo/internal/world/postgres.go:44.3,44.13 1 0
secretary_go_demo/internal/world/postgres.go:46.2,46.74 1 0
secretary_go_demo/internal/world/postgres.go:46.74,48.15 2 0
secretary_go_demo/internal/world/postgres.go:48.15,50.4 1 0
secretary_go_demo/internal/world/postgres.go:51.3,51.51 1 0
secretary_go_demo/internal/world/postgres.go:51.51,53.4 1 0
secretary_go_demo/internal/world/postgres.go:55.2,55.12 1 0
secretary_go_demo/internal/world/postgres.go:57.65,58.57 1 0
secretary_go_demo/internal/world/postgres.go:58.57,60.3 1 0
secretary_go_demo/internal/world/postgres.go:61.2,61.46 1 0
secretary_go_demo/internal/world/postgres.go:61.46,62.117 1 0
secretary_go_demo/internal/world/postgres.go:62.117,64.4 1 0
secretary_go_demo/internal/world/postgres.go:65.3,65.144 1 0
secretary_go_demo/internal/world/postgres.go:65.144,67.4 1 0
secretary_go_demo/internal/world/postgres.go:68.3,68.13 1 0
secretary_go_demo/internal/world/postgres.go:70.2,71.38 2 0
secretary_go_demo/internal/world/postgres.go:71.38,73.3 1 0
secretary_go_demo/internal/world/postgres.go:74.2,75.147 2 0
secretary_go_demo/internal/world/postgres.go:75.147,77.3 1 0
secretary_go_demo/internal/world/postgres.go:78.2,78.36 1 0
secretary_go_demo/internal/world/postgres.go:78.36,80.3 1 0
secretary_go_demo/internal/world/postgres.go:81.2,81.103 1 0
secretary_go_demo/internal/world/postgres.go:81.103,83.3 1 0
secretary_go_demo/internal/world/postgres.go:84.2,84.61 1 0
secretary_go_demo/internal/world/postgres.go:84.61,86.3 1 0
secretary_go_demo/internal/world/postgres.go:87.2,89.156 3 0
secretary_go_demo/internal/world/postgres.go:89.156,91.3 1 0
secretary_go_demo/internal/world/postgres.go:93.2,95.285 3 0
secretary_go_demo/internal/world/postgres.go:95.285,97.3 1 0
secretary_go_demo/internal/world/postgres.go:98.2,99.33 2 0
secretary_go_demo/internal/world/postgres.go:99.33,100.23 1 0
secretary_go_demo/internal/world/postgres.go:100.23,102.4 1 0
secretary_go_demo/internal/world/postgres.go:104.2,104.18 1 0
secretary_go_demo/internal/world/postgres.go:104.18,106.3 1 0
secretary_go_demo/internal/world/postgres.go:107.2,107.113 1 0
secretary_go_demo/internal/world/postgres.go:107.113,109.3 1 0
secretary_go_demo/internal/world/postgres.go:110.2,110.83 1 0
secretary_go_demo/internal/world/postgres.go:110.83,112.3 1 0
secretary_go_demo/internal/world/postgres.go:113.2,113.89 1 0
secretary_go_demo/internal/world/postgres.go:113.89,115.3 1 0
secretary_go_demo/internal/world/postgres.go:116.2,116.21 1 0
secretary_go_demo/internal/world/postgres.go:116.21,117.56 1 0
secretary_go_demo/internal/world/postgres.go:117.56,119.4 1 0
secretary_go_demo/internal/world/postgres.go:120.3,121.169 2 0
secretary_go_demo/internal/world/postgres.go:121.169,123.4 1 0
secretary_go_demo/internal/world/postgres.go:124.3,124.20 1 0
secretary_go_demo/internal/world/postgres.go:124.20,126.4 1 0
secretary_go_demo/internal/world/postgres.go:127.8,127.35 1 0
secretary_go_demo/internal/world/postgres.go:127.35,128.56 1 0
secretary_go_demo/internal/world/postgres.go:128.56,130.4 1 0
secretary_go_demo/internal/world/postgres.go:131.3,133.53 3 0
secretary_go_demo/internal/world/postgres.go:133.53,135.4 1 0
secretary_go_demo/internal/world/postgres.go:137.2,137.54 1 0
secretary_go_demo/internal/world/postgres.go:137.54,138.40 1 0
secretary_go_demo/internal/world/postgres.go:138.40,140.4 1 0
secretary_go_demo/internal/world/postgres.go:142.2,142.119 1 0
secretary_go_demo/internal/world/postgres.go:142.119,144.3 1 0
secretary_go_demo/internal/world/postgres.go:145.2,145.12 1 0
secretary_go_demo/internal/world/postgres.go:147.69,149.14 2 0
secretary_go_demo/internal/world/postgres.go:149.14,151.3 1 0
secretary_go_demo/internal/world/postgres.go:152.2,153.112 2 0
secretary_go_demo/internal/world/postgres.go:153.112,155.3 1 0
secretary_go_demo/internal/world/postgres.go:156.2,159.14 4 0
secretary_go_demo/internal/world/postgres.go:159.14,160.37 1 0
secretary_go_demo/internal/world/postgres.go:160.37,162.4 1 0
secretary_go_demo/internal/world/postgres.go:163.3,165.80 3 0
secretary_go_demo/internal/world/postgres.go:167.2,167.34 1 0
secretary_go_demo/internal/world/postgres.go:167.34,169.3 1 0
secretary_go_demo/internal/world/postgres.go:170.2,170.38 1 0
secretary_go_demo/internal/world/postgres.go:170.38,172.3 1 0
secretary_go_demo/internal/world/postgres.go:173.2,173.57 1 0
secretary_go_demo/internal/world/postgres.go:173.57,175.3 1 0
secretary_go_demo/internal/world/postgres.go:176.2,177.46 2 0
secretary_go_demo/internal/world/postgres.go:177.46,179.3 1 0
secretary_go_demo/internal/world/postgres.go:179.8,181.3 1 0
secretary_go_demo/internal/world/postgres.go:182.2,182.14 1 0
secretary_go_demo/internal/world/postgres.go:182.14,183.85 1 0
secretary_go_demo/internal/world/postgres.go:183.85,185.4 1 0
secretary_go_demo/internal/world/postgres.go:186.3,187.79 2 0
secretary_go_demo/internal/world/postgres.go:189.2,190.216 2 0
secretary_go_demo/internal/world/postgres.go:190.216,192.3 1 0
secretary_go_demo/internal/world/postgres.go:193.2,194.186 2 0
secretary_go_demo/internal/world/postgres.go:194.186,196.3 1 0
secretary_go_demo/internal/world/postgres.go:197.2,197.34 1 0
secretary_go_demo/internal/world/postgres.go:197.34,199.3 1 0
secretary_go_demo/internal/world/postgres.go:200.2,200.21 1 0
secretary_go_demo/internal/world/postgres.go:202.90,203.36 1 0
secretary_go_demo/internal/world/postgres.go:203.36,205.154 2 0
secretary_go_demo/internal/world/postgres.go:205.154,207.4 1 0
secretary_go_demo/internal/world/postgres.go:208.3,208.52 1 0
secretary_go_demo/internal/world/postgres.go:208.52,210.4 1 0
secretary_go_demo/internal/world/postgres.go:211.3,212.56 2 0
secretary_go_demo/internal/world/postgres.go:214.2,217.33 4 0
secretary_go_demo/internal/world/postgres.go:217.33,218.39 1 0
secretary_go_demo/internal/world/postgres.go:218.39,220.4 1 0
secretary_go_demo/internal/world/postgres.go:221.3,222.71 2 0
secretary_go_demo/internal/world/postgres.go:224.2,224.14 1 0
secretary_go_demo/internal/world/postgres.go:224.14,226.3 1 0
secretary_go_demo/internal/world/postgres.go:227.2,227.68 1 0
secretary_go_demo/internal/world/postgres.go:227.68,229.3 1 0
secretary_go_demo/internal/world/postgres.go:230.2,231.76 2 0
secretary_go_demo/internal/world/postgres.go:233.30,234.14 1 0
secretary_go_demo/internal/world/postgres.go:234.14,236.3 1 0
secretary_go_demo/internal/world/postgres.go:237.2,237.18 1 0
secretary_go_demo/internal/world/postgres.go:239.87,241.246 2 0
secretary_go_demo/internal/world/postgres.go:241.246,243.3 1 0
secretary_go_demo/internal/world/postgres.go:244.2,245.228 2 0
secretary_go_demo/internal/world/postgres.go:245.228,247.3 1 0
secretary_go_demo/internal/world/postgres.go:248.2,248.40 1 0
secretary_go_demo/internal/world/postgres.go:248.40,250.3 1 0
secretary_go_demo/internal/world/postgres.go:251.2,252.14 2 0
secretary_go_demo/internal/world/postgres.go:252.14,254.3 1 0
secretary_go_demo/internal/world/postgres.go:255.2,262.18 4 0
secretary_go_demo/internal/world/postgres.go:262.18,264.65 2 0
secretary_go_demo/internal/world/postgres.go:264.65,267.4 2 0
secretary_go_demo/internal/world/postgres.go:268.3,269.142 2 0
secretary_go_demo/internal/world/postgres.go:271.2,272.30 2 0
secretary_go_demo/internal/world/postgres.go:272.30,274.3 1 0
secretary_go_demo/internal/world/postgres.go:275.2,277.22 3 0
secretary_go_demo/internal/world/postgres.go:277.22,279.28 2 0
secretary_go_demo/internal/world/postgres.go:279.28,280.21 1 0
secretary_go_demo/internal/world/postgres.go:280.21,282.5 1 0
secretary_go_demo/internal/world/postgres.go:284.3,284.13 1 0
secretary_go_demo/internal/world/postgres.go:284.13,286.4 1 0
secretary_go_demo/internal/world/postgres.go:288.2,288.105 1 0
secretary_go_demo/internal/world/postgres.go:288.105,290.3 1 0
secretary_go_demo/internal/world/postgres.go:291.2,292.44 2 0
secretary_go_demo/internal/world/postgres.go:292.44,295.3 2 0
secretary_go_demo/internal/world/postgres.go:296.2,296.23 1 0
secretary_go_demo/internal/world/postgres.go:296.23,297.54 1 0
secretary_go_demo/internal/world/postgres.go:297.54,299.4 1 0
secretary_go_demo/internal/world/postgres.go:300.3,300.49 1 0
secretary_go_demo/internal/world/postgres.go:300.49,302.4 1 0
secretary_go_demo/internal/world/postgres.go:303.3,303.131 1 0
secretary_go_demo/internal/world/postgres.go:305.2,308.46 4 0
secretary_go_demo/internal/world/postgres.go:308.46,310.3 1 0
secretary_go_demo/internal/world/postgres.go:311.2,312.19 2 0
secretary_go_demo/internal/world/postgres.go:312.19,313.30 1 0
secretary_go_demo/internal/world/postgres.go:313.30,315.4 1 0
secretary_go_demo/internal/world/postgres.go:316.3,316.28 1 0
secretary_go_demo/internal/world/postgres.go:316.28,317.50 1 0
secretary_go_demo/internal/world/postgres.go:317.50,319.5 1 0
secretary_go_demo/internal/world/postgres.go:321.3,321.182 1 0
secretary_go_demo/internal/world/postgres.go:321.182,323.4 1 0
secretary_go_demo/internal/world/postgres.go:324.3,325.15 2 0
secretary_go_demo/internal/world/postgres.go:326.8,326.30 1 0
secretary_go_demo/internal/world/postgres.go:326.30,327.50 1 0
secretary_go_demo/internal/world/postgres.go:327.50,329.4 1 0
secretary_go_demo/internal/world/postgres.go:330.3,331.28 2 0
secretary_go_demo/internal/world/postgres.go:331.28,332.21 1 0
secretary_go_demo/internal/world/postgres.go:332.21,334.5 1 0
secretary_go_demo/internal/world/postgres.go:336.3,336.16 1 0
secretary_go_demo/internal/world/postgres.go:338.2,338.39 1 0
secretary_go_demo/internal/world/postgres.go:338.39,339.19 1 0
secretary_go_demo/internal/world/postgres.go:339.19,341.4 1 0
secretary_go_demo/internal/world/postgres.go:342.3,344.59 3 0
secretary_go_demo/internal/world/postgres.go:346.2,346.21 1 0
secretary_go_demo/internal/world/postgres.go:346.21,349.28 3 0
secretary_go_demo/internal/world/postgres.go:349.28,350.48 1 0
secretary_go_demo/internal/world/postgres.go:350.48,352.5 1 0
secretary_go_demo/internal/world/postgres.go:353.4,353.27 1 0
secretary_go_demo/internal/world/postgres.go:353.27,355.5 1 0
secretary_go_demo/internal/world/postgres.go:357.3,357.70 1 0
secretary_go_demo/internal/world/postgres.go:357.70,359.4 1 0
secretary_go_demo/internal/world/postgres.go:359.9,361.29 2 0
secretary_go_demo/internal/world/postgres.go:361.29,362.50 1 0
secretary_go_demo/internal/world/postgres.go:362.50,364.6 1 0
secretary_go_demo/internal/world/postgres.go:368.2,368.41 1 0
secretary_go_demo/internal/world/postgres.go:368.41,370.3 1 0
secretary_go_demo/internal/world/postgres.go:371.2,373.23 3 0
secretary_go_demo/internal/world/postgres.go:373.23,375.3 1 0
secretary_go_demo/internal/world/postgres.go:376.2,377.14 2 0
secretary_go_demo/internal/world/postgres.go:377.14,379.3 1 0
secretary_go_demo/internal/world/postgres.go:380.2,381.14 2 0
secretary_go_demo/internal/world/postgres.go:381.14,383.3 1 0
secretary_go_demo/internal/world/postgres.go:384.2,384.39 1 0
secretary_go_demo/internal/world/postgres.go:384.39,389.15 5 0
secretary_go_demo/internal/world/postgres.go:389.15,391.4 1 0
secretary_go_demo/internal/world/postgres.go:392.3,392.228 1 0
secretary_go_demo/internal/world/postgres.go:392.228,394.4 1 0
secretary_go_demo/internal/world/postgres.go:396.2,396.27 1 0
secretary_go_demo/internal/world/postgres.go:396.27,397.25 1 0
secretary_go_demo/internal/world/postgres.go:397.25,399.162 2 0
secretary_go_demo/internal/world/postgres.go:399.162,401.5 1 0
secretary_go_demo/internal/world/postgres.go:403.3,403.242 1 0
secretary_go_demo/internal/world/postgres.go:403.242,405.4 1 0
secretary_go_demo/internal/world/postgres.go:407.2,407.166 1 0
secretary_go_demo/internal/world/postgres.go:409.76,410.54 1 0
secretary_go_demo/internal/world/postgres.go:410.54,412.49 2 0
secretary_go_demo/internal/world/postgres.go:412.49,414.4 1 0
secretary_go_demo/internal/world/postgres.go:415.3,415.29 1 0
secretary_go_demo/internal/world/postgres.go:417.2,418.1545 2 0
secretary_go_demo/internal/world/postgres.go:418.1545,420.15 2 0
secretary_go_demo/internal/world/postgres.go:420.15,422.4 1 0
secretary_go_demo/internal/world/postgres.go:423.3,424.19 2 0
secretary_go_demo/internal/world/postgres.go:424.19,426.35 2 0
secretary_go_demo/internal/world/postgres.go:426.35,429.5 2 0
secretary_go_demo/internal/world/postgres.go:430.4,432.24 3 0
secretary_go_demo/internal/world/postgres.go:432.24,434.5 1 0
secretary_go_demo/internal/world/postgres.go:434.10,436.5 1 0
secretary_go_demo/internal/world/postgres.go:438.3,439.31 2 0
secretary_go_demo/internal/world/postgres.go:439.31,441.4 1 0
secretary_go_demo/internal/world/postgres.go:442.3,442.24 1 0
secretary_go_demo/internal/world/postgres.go:444.2,444.17 1 0
secretary_go_demo/internal/world/postgres.go:446.31,447.23 1 0
secretary_go_demo/internal/world/postgres.go:448.22,449.23 1 0
secretary_go_demo/internal/world/postgres.go:449.23,451.4 1 0
secretary_go_demo/internal/world/postgres.go:452.13,453.23 1 0
secretary_go_demo/internal/world/postgres.go:453.23,455.4 1 0
secretary_go_demo/internal/world/postgres.go:456.14,457.56 1 0
secretary_go_demo/internal/world/postgres.go:457.56,459.4 1 0
secretary_go_demo/internal/world/postgres.go:461.2,461.10 1 0
secretary_go_demo/internal/world/postgres.go:463.78,465.14 2 0
secretary_go_demo/internal/world/postgres.go:465.14,467.3 1 0
secretary_go_demo/internal/world/postgres.go:468.2,469.18 2 0
secretary_go_demo/internal/world/postgres.go:469.18,472.39 3 0
secretary_go_demo/internal/world/postgres.go:472.39,475.4 2 0
secretary_go_demo/internal/world/postgres.go:476.3,478.69 3 0
secretary_go_demo/internal/world/postgres.go:480.2,481.30 2 0
secretary_go_demo/internal/world/postgres.go:481.30,483.3 1 0
secretary_go_demo/internal/world/postgres.go:484.2,484.28 1 0
secretary_go_demo/internal/world/postgres.go:484.28,485.28 1 0
secretary_go_demo/internal/world/postgres.go:485.28,487.4 1 0
secretary_go_demo/internal/world/postgres.go:488.3,488.37 1 0
secretary_go_demo/internal/world/postgres.go:488.37,490.4 1 0
secretary_go_demo/internal/world/postgres.go:491.3,491.195 1 0
secretary_go_demo/internal/world/postgres.go:491.195,493.4 1 0
secretary_go_demo/internal/world/postgres.go:495.2,495.12 1 0
secretary_go_demo/internal/world/query.go:22.73,23.48 1 0
secretary_go_demo/internal/world/query.go:23.48,25.3 1 0
secretary_go_demo/internal/world/query.go:26.2,31.14 6 0
secretary_go_demo/internal/world/query.go:31.14,33.3 1 0
secretary_go_demo/internal/world/query.go:34.2,37.14 4 0
secretary_go_demo/internal/world/query.go:37.14,39.3 1 0
secretary_go_demo/internal/world/query.go:40.2,43.24 4 0
secretary_go_demo/internal/world/query.go:43.24,45.15 2 0
secretary_go_demo/internal/world/query.go:45.15,47.4 1 0
secretary_go_demo/internal/world/query.go:48.3,48.41 1 0
secretary_go_demo/internal/world/query.go:48.41,50.4 1 0
secretary_go_demo/internal/world/query.go:51.3,51.63 1 0
secretary_go_demo/internal/world/query.go:51.63,53.4 1 0
secretary_go_demo/internal/world/query.go:54.3,54.88 1 0
secretary_go_demo/internal/world/query.go:54.88,56.4 1 0
secretary_go_demo/internal/world/query.go:57.3,58.35 2 0
secretary_go_demo/internal/world/query.go:60.2,64.14 5 0
secretary_go_demo/internal/world/query.go:64.14,66.3 1 0
secretary_go_demo/internal/world/query.go:67.2,72.18 6 0
secretary_go_demo/internal/world/query.go:72.18,74.34 2 0
secretary_go_demo/internal/world/query.go:74.34,77.4 2 0
secretary_go_demo/internal/world/query.go:78.3,79.42 2 0
secretary_go_demo/internal/world/query.go:79.42,82.4 2 0
secretary_go_demo/internal/world/query.go:83.3,88.42 6 0
secretary_go_demo/internal/world/query.go:90.2,91.30 2 0
secretary_go_demo/internal/world/query.go:91.30,93.3 1 0
secretary_go_demo/internal/world/query.go:94.2,96.17 3 0
secretary_go_demo/internal/world/query.go:96.17,99.3 2 0
secretary_go_demo/internal/world/query.go:100.2,100.21 1 0
secretary_go_demo/internal/world/query.go:100.21,102.3 1 0
secretary_go_demo/internal/world/query.go:103.2,103.54 1 0
secretary_go_demo/internal/world/query.go:103.54,105.3 1 0
secretary_go_demo/internal/world/query.go:106.2,106.34 1 0
secretary_go_demo/internal/world/query.go:106.34,108.3 1 0
secretary_go_demo/internal/world/query.go:109.2,109.17 1 0
secretary_go_demo/internal/tui/client.go:25.36,25.94 1 1
secretary_go_demo/internal/tui/client.go:26.56,28.138 2 8
secretary_go_demo/internal/tui/client.go:28.138,30.3 1 4
secretary_go_demo/internal/tui/client.go:31.2,31.36 1 4
secretary_go_demo/internal/tui/client.go:31.36,33.3 1 0
secretary_go_demo/internal/tui/client.go:34.2,34.193 1 4
secretary_go_demo/internal/tui/client.go:34.193,34.227 1 0
secretary_go_demo/internal/tui/client.go:36.85,38.17 2 56
secretary_go_demo/internal/tui/client.go:38.17,40.3 1 6
secretary_go_demo/internal/tui/client.go:41.2,42.16 2 56
secretary_go_demo/internal/tui/client.go:42.16,44.3 1 0
secretary_go_demo/internal/tui/client.go:45.2,46.17 2 56
secretary_go_demo/internal/tui/client.go:46.17,48.3 1 6
secretary_go_demo/internal/tui/client.go:49.2,50.16 2 56
secretary_go_demo/internal/tui/client.go:50.16,52.3 1 0
secretary_go_demo/internal/tui/client.go:53.2,55.16 3 56
secretary_go_demo/internal/tui/client.go:55.16,57.3 1 0
secretary_go_demo/internal/tui/client.go:58.2,58.23 1 56
secretary_go_demo/internal/tui/client.go:58.23,60.3 1 0
secretary_go_demo/internal/tui/client.go:61.2,61.32 1 56
secretary_go_demo/internal/tui/client.go:61.32,66.20 3 1
secretary_go_demo/internal/tui/client.go:66.20,68.4 1 1
secretary_go_demo/internal/tui/client.go:69.3,69.56 1 1
secretary_go_demo/internal/tui/client.go:71.2,71.16 1 55
secretary_go_demo/internal/tui/client.go:71.16,74.3 2 5
secretary_go_demo/internal/tui/client.go:75.2,75.33 1 50
secretary_go_demo/internal/tui/client.go:79.28,80.39 1 73
secretary_go_demo/internal/tui/client.go:80.39,81.53 1 36835
secretary_go_demo/internal/tui/client.go:81.53,83.4 1 2
secretary_go_demo/internal/tui/client.go:84.3,84.11 1 36833
secretary_go_demo/internal/tui/client.go:87.27,87.94 2 20
secretary_go_demo/internal/tui/tui.go:64.25,71.58 7 3
secretary_go_demo/internal/tui/tui.go:71.58,72.53 1 6
secretary_go_demo/internal/tui/tui.go:72.53,74.4 1 0
secretary_go_demo/internal/tui/tui.go:76.2,76.58 1 3
secretary_go_demo/internal/tui/tui.go:76.58,76.79 1 1
secretary_go_demo/internal/tui/tui.go:77.2,79.57 3 3
secretary_go_demo/internal/tui/tui.go:79.57,80.52 1 8
secretary_go_demo/internal/tui/tui.go:80.52,81.37 1 2
secretary_go_demo/internal/tui/tui.go:81.37,84.5 2 2
secretary_go_demo/internal/tui/tui.go:85.4,86.21 2 2
secretary_go_demo/internal/tui/tui.go:89.2,89.57 1 3
secretary_go_demo/internal/tui/tui.go:89.57,89.77 1 0
secretary_go_demo/internal/tui/tui.go:90.2,103.10 14 3
secretary_go_demo/internal/tui/tui.go:105.29,106.9 1 130
secretary_go_demo/internal/tui/tui.go:107.22,108.70 1 130
secretary_go_demo/internal/tui/tui.go:109.22,109.22 0 0
secretary_go_demo/internal/tui/tui.go:112.26,112.79 3 2
secretary_go_demo/internal/tui/tui.go:113.48,115.12 2 0
secretary_go_demo/internal/tui/tui.go:115.12,116.10 1 0
secretary_go_demo/internal/tui/tui.go:117.21,119.14 2 0
secretary_go_demo/internal/tui/tui.go:120.23,120.23 0 0
secretary_go_demo/internal/tui/tui.go:123.2,123.16 1 0
secretary_go_demo/internal/tui/tui.go:125.53,126.29 1 147
secretary_go_demo/internal/tui/tui.go:126.29,127.7 1 130
secretary_go_demo/internal/tui/tui.go:127.7,128.11 1 260
secretary_go_demo/internal/tui/tui.go:129.26,130.8 1 130
secretary_go_demo/internal/tui/tui.go:131.12,132.15 1 130
secretary_go_demo/internal/tui/tui.go:136.2,136.31 1 17
secretary_go_demo/internal/tui/tui.go:136.31,137.14 1 0
secretary_go_demo/internal/tui/tui.go:137.14,139.4 1 0
secretary_go_demo/internal/tui/tui.go:139.9,140.199 1 0
secretary_go_demo/internal/tui/tui.go:140.199,140.227 2 0
secretary_go_demo/internal/tui/tui.go:142.3,142.13 1 0
secretary_go_demo/internal/tui/tui.go:144.2,144.43 1 17
secretary_go_demo/internal/tui/tui.go:144.43,147.3 2 0
secretary_go_demo/internal/tui/tui.go:148.2,148.13 1 17
secretary_go_demo/internal/tui/tui.go:148.13,150.3 1 6
secretary_go_demo/internal/tui/tui.go:151.2,151.46 1 11
secretary_go_demo/internal/tui/tui.go:151.46,155.3 3 1
secretary_go_demo/internal/tui/tui.go:156.2,156.31 1 10
secretary_go_demo/internal/tui/tui.go:156.31,157.17 1 1
secretary_go_demo/internal/tui/tui.go:157.17,159.4 1 0
secretary_go_demo/internal/tui/tui.go:160.3,161.13 2 1
secretary_go_demo/internal/tui/tui.go:163.2,163.54 1 9
secretary_go_demo/internal/tui/tui.go:163.54,166.3 2 3
secretary_go_demo/internal/tui/tui.go:167.2,167.31 1 6
secretary_go_demo/internal/tui/tui.go:167.31,168.17 1 1
secretary_go_demo/internal/tui/tui.go:168.17,170.4 1 1
secretary_go_demo/internal/tui/tui.go:171.3,171.13 1 1
secretary_go_demo/internal/tui/tui.go:173.2,173.31 1 5
secretary_go_demo/internal/tui/tui.go:173.31,174.23 1 1
secretary_go_demo/internal/tui/tui.go:174.23,176.4 1 1
secretary_go_demo/internal/tui/tui.go:176.9,178.4 1 0
secretary_go_demo/internal/tui/tui.go:179.3,179.13 1 1
secretary_go_demo/internal/tui/tui.go:181.2,181.60 1 4
secretary_go_demo/internal/tui/tui.go:181.60,184.3 2 2
secretary_go_demo/internal/tui/tui.go:185.2,185.10 1 2
secretary_go_demo/internal/tui/tui.go:187.31,188.28 1 2
secretary_go_demo/internal/tui/tui.go:188.28,189.19 1 3
secretary_go_demo/internal/tui/tui.go:189.19,190.12 1 2
secretary_go_demo/internal/tui/tui.go:190.12,192.5 1 0
secretary_go_demo/internal/tui/tui.go:192.10,194.5 1 2
secretary_go_demo/internal/tui/tui.go:195.4,196.10 2 2
secretary_go_demo/internal/tui/tui.go:199.2,199.22 1 0
secretary_go_demo/internal/tui/tui.go:199.22,201.3 1 0
secretary_go_demo/internal/tui/tui.go:203.21,204.9 1 4
secretary_go_demo/internal/tui/tui.go:205.31,205.31 0 4
secretary_go_demo/internal/tui/tui.go:206.10,206.10 0 0
secretary_go_demo/internal/tui/tui.go:209.21,213.6 4 2
secretary_go_demo/internal/tui/tui.go:213.6,219.193 3 7
secretary_go_demo/internal/tui/tui.go:219.193,220.66 1 42
secretary_go_demo/internal/tui/tui.go:220.66,221.10 1 0
secretary_go_demo/internal/tui/tui.go:224.3,225.17 2 7
secretary_go_demo/internal/tui/tui.go:225.17,226.37 1 7
secretary_go_demo/internal/tui/tui.go:226.37,232.19 3 7
secretary_go_demo/internal/tui/tui.go:232.19,233.11 1 0
secretary_go_demo/internal/tui/tui.go:235.5,235.52 1 7
secretary_go_demo/internal/tui/tui.go:235.52,237.11 2 0
secretary_go_demo/internal/tui/tui.go:239.5,241.32 3 7
secretary_go_demo/internal/tui/tui.go:241.32,242.11 1 7
secretary_go_demo/internal/tui/tui.go:246.3,246.17 1 7
secretary_go_demo/internal/tui/tui.go:246.17,248.18 2 0
secretary_go_demo/internal/tui/tui.go:248.18,251.5 2 0
secretary_go_demo/internal/tui/tui.go:252.9,254.18 2 7
secretary_go_demo/internal/tui/tui.go:254.18,254.32 1 7
secretary_go_demo/internal/tui/tui.go:256.3,256.10 1 7
secretary_go_demo/internal/tui/tui.go:257.23,258.10 1 2
secretary_go_demo/internal/tui/tui.go:259.18,259.18 0 2
secretary_go_demo/internal/tui/tui.go:260.20,260.20 0 3
secretary_go_demo/internal/tui/tui.go:264.32,268.26 4 9
secretary_go_demo/internal/tui/tui.go:268.26,270.3 1 0
secretary_go_demo/internal/tui/tui.go:271.2,273.36 3 9
secretary_go_demo/internal/tui/tui.go:273.36,275.3 1 0
secretary_go_demo/internal/tui/tui.go:276.2,277.32 2 9
secretary_go_demo/internal/tui/tui.go:277.32,278.46 1 5
secretary_go_demo/internal/tui/tui.go:278.46,280.4 1 2
secretary_go_demo/internal/tui/tui.go:282.2,282.46 1 9
secretary_go_demo/internal/tui/tui.go:282.46,283.32 1 0
secretary_go_demo/internal/tui/tui.go:283.32,285.4 1 0
secretary_go_demo/internal/tui/tui.go:287.2,287.36 1 9
secretary_go_demo/internal/tui/tui.go:287.36,288.27 1 0
secretary_go_demo/internal/tui/tui.go:288.27,290.4 1 0
secretary_go_demo/internal/tui/tui.go:292.2,293.16 2 9
secretary_go_demo/internal/tui/tui.go:293.16,296.3 2 5
secretary_go_demo/internal/tui/tui.go:296.8,298.3 1 4
secretary_go_demo/internal/tui/tui.go:300.31,308.12 8 9
secretary_go_demo/internal/tui/tui.go:308.12,316.3 7 5
secretary_go_demo/internal/tui/tui.go:316.8,321.3 4 4
secretary_go_demo/internal/tui/tui.go:323.28,328.53 5 10
secretary_go_demo/internal/tui/tui.go:328.53,333.3 4 3
secretary_go_demo/internal/tui/tui.go:334.2,334.48 1 10
secretary_go_demo/internal/tui/tui.go:334.48,337.20 3 5
secretary_go_demo/internal/tui/tui.go:337.20,339.4 1 2
secretary_go_demo/internal/tui/tui.go:341.2,342.25 2 10
secretary_go_demo/internal/tui/tui.go:342.25,344.3 1 5
secretary_go_demo/internal/tui/tui.go:345.2,345.68 1 10
secretary_go_demo/internal/tui/tui.go:345.68,347.3 1 4
secretary_go_demo/internal/tui/tui.go:348.2,353.25 6 6
secretary_go_demo/internal/tui/tui.go:353.25,356.30 3 3
secretary_go_demo/internal/tui/tui.go:356.30,358.4 1 1
secretary_go_demo/internal/tui/tui.go:360.2,360.20 1 6
secretary_go_demo/internal/tui/tui.go:360.20,363.3 2 3
secretary_go_demo/internal/tui/tui.go:363.8,366.3 2 3
secretary_go_demo/internal/tui/tui.go:367.2,367.22 1 6
secretary_go_demo/internal/tui/tui.go:369.30,371.14 2 1
secretary_go_demo/internal/tui/tui.go:371.14,373.3 1 0
secretary_go_demo/internal/tui/tui.go:374.2,375.30 2 1
secretary_go_demo/internal/tui/tui.go:375.30,376.17 1 2
secretary_go_demo/internal/tui/tui.go:376.17,381.4 4 1
secretary_go_demo/internal/tui/tui.go:383.2,383.64 1 0
secretary_go_demo/internal/tui/tui.go:385.27,388.33 3 10
secretary_go_demo/internal/tui/tui.go:388.33,390.27 2 52
secretary_go_demo/internal/tui/tui.go:391.25,392.81 1 4
secretary_go_demo/internal/tui/tui.go:393.25,394.30 1 5
secretary_go_demo/internal/tui/tui.go:394.30,396.57 2 5
secretary_go_demo/internal/tui/tui.go:396.57,398.32 2 5
secretary_go_demo/internal/tui/tui.go:398.32,399.43 1 5
secretary_go_demo/internal/tui/tui.go:399.43,401.41 2 5
secretary_go_demo/internal/tui/tui.go:401.41,403.9 1 5
secretary_go_demo/internal/tui/tui.go:407.5,407.23 1 5
secretary_go_demo/internal/tui/tui.go:407.23,409.6 1 5
secretary_go_demo/internal/tui/tui.go:413.2,414.61 2 10
secretary_go_demo/internal/tui/tui.go:414.61,417.3 2 7
secretary_go_demo/internal/tui/tui.go:419.27,421.41 2 9
secretary_go_demo/internal/tui/tui.go:421.41,423.3 1 4
secretary_go_demo/internal/tui/tui.go:424.2,424.15 1 9
secretary_go_demo/internal/tui/tui.go:425.9,426.49 1 2
secretary_go_demo/internal/tui/tui.go:426.49,429.4 2 2
secretary_go_demo/internal/tui/tui.go:430.3,430.54 1 2
secretary_go_demo/internal/tui/tui.go:430.54,433.4 2 2
secretary_go_demo/internal/tui/tui.go:434.3,434.53 1 2
secretary_go_demo/internal/tui/tui.go:434.53,436.28 2 0
secretary_go_demo/internal/tui/tui.go:436.28,438.5 1 0
secretary_go_demo/internal/tui/tui.go:440.9,441.39 1 6
secretary_go_demo/internal/tui/tui.go:441.39,443.59 2 8
secretary_go_demo/internal/tui/tui.go:443.59,446.5 2 7
secretary_go_demo/internal/tui/tui.go:448.9,449.170 1 1
secretary_go_demo/internal/tui/tui.go:450.9,451.40 1 0
secretary_go_demo/internal/tui/tui.go:451.40,453.4 1 0
secretary_go_demo/internal/tui/tui.go:454.9,455.35 1 0
secretary_go_demo/internal/tui/tui.go:455.35,457.4 1 0
secretary_go_demo/internal/tui/tui.go:458.9,459.43 1 0
secretary_go_demo/internal/tui/tui.go:459.43,461.4 1 0
secretary_go_demo/internal/tui/tui.go:462.9,463.43 1 0
secretary_go_demo/internal/tui/tui.go:463.43,467.4 3 0
secretary_go_demo/internal/tui/tui.go:469.2,471.34 3 9
secretary_go_demo/internal/tui/tui.go:471.34,476.29 5 7
secretary_go_demo/internal/tui/tui.go:476.29,478.28 2 10
secretary_go_demo/internal/tui/tui.go:478.28,480.5 1 6
secretary_go_demo/internal/tui/tui.go:481.4,482.24 2 10
secretary_go_demo/internal/tui/tui.go:482.24,484.5 1 2
secretary_go_demo/internal/tui/tui.go:486.3,488.23 3 7
secretary_go_demo/internal/tui/tui.go:488.23,489.39 1 6
secretary_go_demo/internal/tui/tui.go:489.39,492.5 2 4
secretary_go_demo/internal/tui/tui.go:493.4,494.32 2 6
secretary_go_demo/internal/tui/tui.go:495.9,497.4 1 1
secretary_go_demo/internal/tui/tui.go:498.3,498.20 1 7
secretary_go_demo/internal/tui/tui.go:501.46,503.26 2 9
secretary_go_demo/internal/tui/tui.go:503.26,505.3 1 13
secretary_go_demo/internal/tui/tui.go:506.2,506.12 1 9
secretary_go_demo/internal/tui/tui.go:508.29,509.16 1 15
secretary_go_demo/internal/tui/tui.go:509.16,511.3 1 10
secretary_go_demo/internal/tui/tui.go:512.2,512.10 1 5
secretary_go_demo/internal/tui/tui.go:514.34,516.27 2 0
secretary_go_demo/internal/tui/tui.go:516.27,518.3 1 0
secretary_go_demo/internal/tui/tui.go:519.2,519.12 1 0
secretary_go_demo/internal/tui/tui.go:521.30,522.27 1 26
secretary_go_demo/internal/tui/tui.go:522.27,523.36 1 28
secretary_go_demo/internal/tui/tui.go:523.36,525.4 1 19
secretary_go_demo/internal/tui/tui.go:527.2,527.12 1 7
secretary_go_demo/internal/tui/tui.go:529.34,531.14 2 10
secretary_go_demo/internal/tui/tui.go:531.14,535.3 3 1
secretary_go_demo/internal/tui/tui.go:536.2,536.44 1 9
secretary_go_demo/internal/tui/tui.go:536.44,539.3 2 0
secretary_go_demo/internal/tui/tui.go:540.2,540.33 1 9
secretary_go_demo/internal/tui/tui.go:540.33,543.3 2 0
secretary_go_demo/internal/tui/tui.go:544.2,544.23 1 9
secretary_go_demo/internal/tui/tui.go:544.23,545.11 1 0
secretary_go_demo/internal/tui/tui.go:545.11,547.4 1 0
secretary_go_demo/internal/tui/tui.go:547.9,549.4 1 0
secretary_go_demo/internal/tui/tui.go:550.8,550.42 1 9
secretary_go_demo/internal/tui/tui.go:550.42,552.3 1 1
secretary_go_demo/internal/tui/tui.go:552.8,554.28 2 8
secretary_go_demo/internal/tui/tui.go:554.28,557.4 2 8
secretary_go_demo/internal/tui/tui.go:559.2,559.16 1 9
secretary_go_demo/internal/tui/tui.go:561.42,565.12 4 1
secretary_go_demo/internal/tui/tui.go:565.12,568.17 3 1
secretary_go_demo/internal/tui/tui.go:568.17,569.64 1 1
secretary_go_demo/internal/tui/tui.go:569.64,571.5 1 0
secretary_go_demo/internal/tui/tui.go:572.4,572.18 1 1
secretary_go_demo/internal/tui/tui.go:572.18,575.5 2 0
secretary_go_demo/internal/tui/tui.go:576.4,578.49 3 1
secretary_go_demo/internal/tui/tui.go:578.49,582.5 3 1
secretary_go_demo/internal/tui/tui.go:583.4,584.78 2 1
secretary_go_demo/internal/tui/tui.go:588.27,590.30 2 15
secretary_go_demo/internal/tui/tui.go:590.30,591.19 1 37
secretary_go_demo/internal/tui/tui.go:591.19,593.4 1 0
secretary_go_demo/internal/tui/tui.go:595.2,597.39 3 15
secretary_go_demo/internal/tui/tui.go:597.39,601.3 3 47
secretary_go_demo/internal/tui/tui.go:602.2,602.16 1 15
secretary_go_demo/internal/tui/tui.go:602.16,604.39 2 5
secretary_go_demo/internal/tui/tui.go:604.39,604.76 1 0
secretary_go_demo/internal/tui/tui.go:605.3,605.36 1 5
secretary_go_demo/internal/tui/tui.go:605.36,605.79 1 0
secretary_go_demo/internal/tui/tui.go:607.2,607.16 1 15
secretary_go_demo/internal/tui/tui.go:607.16,608.36 1 1
secretary_go_demo/internal/tui/tui.go:608.36,608.79 1 0
secretary_go_demo/internal/tui/tui.go:609.3,609.30 1 1
secretary_go_demo/internal/tui/tui.go:609.30,610.55 1 0
secretary_go_demo/internal/tui/tui.go:610.55,610.134 2 0
secretary_go_demo/internal/tui/tui.go:613.2,613.16 1 15
secretary_go_demo/internal/tui/tui.go:613.16,614.36 1 0
secretary_go_demo/internal/tui/tui.go:614.36,616.4 1 0
secretary_go_demo/internal/tui/tui.go:618.2,618.32 1 15
secretary_go_demo/internal/tui/tui.go:618.32,620.17 2 9
secretary_go_demo/internal/tui/tui.go:621.19,623.31 2 5
secretary_go_demo/internal/tui/tui.go:623.31,624.35 1 4
secretary_go_demo/internal/tui/tui.go:624.35,624.62 1 1
secretary_go_demo/internal/tui/tui.go:625.5,625.26 1 4
secretary_go_demo/internal/tui/tui.go:625.26,625.52 1 0
secretary_go_demo/internal/tui/tui.go:626.10,627.32 1 1
secretary_go_demo/internal/tui/tui.go:627.32,627.58 1 0
secretary_go_demo/internal/tui/tui.go:629.15,630.30 1 1
secretary_go_demo/internal/tui/tui.go:630.30,631.32 1 1
secretary_go_demo/internal/tui/tui.go:631.32,631.67 1 0
secretary_go_demo/internal/tui/tui.go:633.4,633.30 1 1
secretary_go_demo/internal/tui/tui.go:633.30,634.32 1 0
secretary_go_demo/internal/tui/tui.go:634.32,634.68 1 0
secretary_go_demo/internal/tui/tui.go:636.4,636.30 1 1
secretary_go_demo/internal/tui/tui.go:636.30,637.32 1 1
secretary_go_demo/internal/tui/tui.go:637.32,637.67 1 0
secretary_go_demo/internal/tui/tui.go:639.20,641.31 2 2
secretary_go_demo/internal/tui/tui.go:641.31,641.108 1 0
secretary_go_demo/internal/tui/tui.go:642.4,642.105 1 2
secretary_go_demo/internal/tui/tui.go:642.105,643.32 1 2
secretary_go_demo/internal/tui/tui.go:643.32,643.73 1 0
secretary_go_demo/internal/tui/tui.go:645.19,646.37 1 0
secretary_go_demo/internal/tui/tui.go:646.37,647.98 1 0
secretary_go_demo/internal/tui/tui.go:647.98,648.57 1 0
secretary_go_demo/internal/tui/tui.go:648.57,650.39 2 0
secretary_go_demo/internal/tui/tui.go:650.39,653.8 2 0
secretary_go_demo/internal/tui/tui.go:655.6,655.77 1 0
secretary_go_demo/internal/tui/tui.go:658.20,659.84 1 0
secretary_go_demo/internal/tui/tui.go:659.84,660.38 1 0
secretary_go_demo/internal/tui/tui.go:660.38,660.102 1 0
secretary_go_demo/internal/tui/tui.go:662.17,663.28 1 0
secretary_go_demo/internal/tui/tui.go:663.28,664.32 1 0
secretary_go_demo/internal/tui/tui.go:664.32,664.94 1 0
secretary_go_demo/internal/tui/tui.go:666.15,667.40 1 0
secretary_go_demo/internal/tui/tui.go:667.40,669.15 2 0
secretary_go_demo/internal/tui/tui.go:669.15,672.20 3 0
secretary_go_demo/internal/tui/tui.go:672.20,673.49 1 0
secretary_go_demo/internal/tui/tui.go:673.49,675.8 1 0
secretary_go_demo/internal/tui/tui.go:676.7,676.21 1 0
secretary_go_demo/internal/tui/tui.go:676.21,679.8 2 0
secretary_go_demo/internal/tui/tui.go:680.7,682.83 3 0
secretary_go_demo/internal/tui/tui.go:688.2,688.32 1 15
secretary_go_demo/internal/tui/tui.go:688.32,689.23 1 0
secretary_go_demo/internal/tui/tui.go:689.23,691.4 1 0
secretary_go_demo/internal/tui/tui.go:691.9,693.4 1 0
secretary_go_demo/internal/tui/tui.go:695.2,696.16 2 15
secretary_go_demo/internal/tui/tui.go:696.16,698.3 1 5
secretary_go_demo/internal/tui/tui.go:698.8,700.3 1 10
secretary_go_demo/internal/tui/tui.go:701.2,701.30 1 15
secretary_go_demo/internal/tui/tui.go:701.30,703.69 2 47
secretary_go_demo/internal/tui/tui.go:703.69,706.4 2 0
secretary_go_demo/internal/tui/tui.go:708.2,708.36 1 15
secretary_go_demo/internal/tui/tui.go:708.36,710.3 1 0
secretary_go_demo/internal/tui/tui.go:712.50,720.80 8 2
secretary_go_demo/internal/tui/tui.go:720.80,720.130 1 2
secretary_go_demo/internal/tui/tui.go:722.55,724.26 2 0
secretary_go_demo/internal/tui/tui.go:724.26,726.3 1 0
secretary_go_demo/internal/tui/tui.go:727.2,728.55 2 0
secretary_go_demo/internal/tui/tui.go:728.55,728.98 1 0
secretary_go_demo/internal/tui/tui.go:730.36,732.54 2 0
secretary_go_demo/internal/tui/tui.go:732.54,735.3 2 0
secretary_go_demo/internal/tui/tui.go:736.2,736.61 1 0
secretary_go_demo/internal/tui/tui.go:736.61,736.132 1 0
secretary_go_demo/internal/tui/tui.go:738.21,740.35 2 3
secretary_go_demo/internal/tui/tui.go:740.35,742.3 1 0
secretary_go_demo/internal/tui/tui.go:743.2,743.73 1 3
secretary_go_demo/internal/tui/tui.go:743.73,744.34 1 2
secretary_go_demo/internal/tui/tui.go:744.34,746.4 1 1
secretary_go_demo/internal/tui/tui.go:749.57,750.22 1 5
secretary_go_demo/internal/tui/tui.go:750.22,753.3 2 1
secretary_go_demo/internal/tui/tui.go:754.2,754.15 1 4
secretary_go_demo/internal/tui/tui.go:754.15,757.3 2 0
secretary_go_demo/internal/tui/tui.go:758.2,759.14 2 4
secretary_go_demo/internal/tui/tui.go:761.25,762.32 1 5
secretary_go_demo/internal/tui/tui.go:762.32,764.3 1 0
secretary_go_demo/internal/tui/tui.go:765.2,768.12 4 5
secretary_go_demo/internal/tui/tui.go:768.12,770.17 2 5
secretary_go_demo/internal/tui/tui.go:770.17,772.18 2 5
secretary_go_demo/internal/tui/tui.go:772.18,774.67 2 1
secretary_go_demo/internal/tui/tui.go:774.67,777.6 2 0
secretary_go_demo/internal/tui/tui.go:777.11,779.6 1 1
secretary_go_demo/internal/tui/tui.go:780.5,780.11 1 1
secretary_go_demo/internal/tui/tui.go:782.4,783.23 2 4
secretary_go_demo/internal/tui/tui.go:783.23,785.5 1 2
secretary_go_demo/internal/tui/tui.go:786.4,787.12 2 4
secretary_go_demo/internal/tui/tui.go:791.27,794.16 3 2
secretary_go_demo/internal/tui/tui.go:794.16,796.3 1 0
secretary_go_demo/internal/tui/tui.go:796.8,798.3 1 2
secretary_go_demo/internal/tui/tui.go:800.73,804.62 4 2
secretary_go_demo/internal/tui/tui.go:804.62,804.88 2 2
secretary_go_demo/internal/tui/tui.go:805.2,808.62 4 2
secretary_go_demo/internal/tui/tui.go:808.62,809.61 1 6
secretary_go_demo/internal/tui/tui.go:809.61,811.30 2 4
secretary_go_demo/internal/tui/tui.go:811.30,812.21 1 6
secretary_go_demo/internal/tui/tui.go:812.21,813.37 1 4
secretary_go_demo/internal/tui/tui.go:813.37,815.7 1 0
secretary_go_demo/internal/tui/tui.go:815.12,817.7 1 4
secretary_go_demo/internal/tui/tui.go:818.6,819.16 2 4
secretary_go_demo/internal/tui/tui.go:823.3,823.11 1 2
secretary_go_demo/internal/tui/tui.go:825.2,826.25 2 2
secretary_go_demo/internal/tui/tui.go:828.55,831.2 2 2
secretary_go_demo/internal/tui/tui.go:832.58,834.33 2 0
secretary_go_demo/internal/tui/tui.go:834.33,834.59 1 0
secretary_go_demo/internal/engine/app.go:34.29,36.2 1 13
secretary_go_demo/internal/engine/app.go:37.35,38.328 1 15
secretary_go_demo/internal/engine/app.go:38.328,40.3 1 0
secretary_go_demo/internal/engine/app.go:41.2,43.14 3 15
secretary_go_demo/internal/engine/app.go:43.14,45.3 1 0
secretary_go_demo/internal/engine/app.go:46.2,47.14 2 15
secretary_go_demo/internal/engine/app.go:47.14,49.3 1 0
secretary_go_demo/internal/engine/app.go:50.2,50.35 1 15
secretary_go_demo/internal/engine/app.go:50.35,52.3 1 0
secretary_go_demo/internal/engine/app.go:53.2,53.12 1 15
secretary_go_demo/internal/engine/app.go:83.59,84.33 1 15
secretary_go_demo/internal/engine/app.go:84.33,86.3 1 0
secretary_go_demo/internal/engine/app.go:87.2,88.14 2 15
secretary_go_demo/internal/engine/app.go:88.14,90.3 1 0
secretary_go_demo/internal/engine/app.go:91.2,93.31 3 15
secretary_go_demo/internal/engine/app.go:93.31,96.3 2 0
secretary_go_demo/internal/engine/app.go:97.2,97.15 1 15
secretary_go_demo/internal/engine/app.go:99.30,100.14 1 12
secretary_go_demo/internal/engine/app.go:100.14,104.3 3 0
secretary_go_demo/internal/engine/app.go:106.28,110.2 3 0
secretary_go_demo/internal/engine/app.go:111.29,112.24 1 17
secretary_go_demo/internal/engine/app.go:112.24,121.3 8 15
secretary_go_demo/internal/engine/app.go:122.2,122.12 1 17
secretary_go_demo/internal/engine/app.go:124.40,127.6 3 0
secretary_go_demo/internal/engine/app.go:127.6,128.10 1 0
secretary_go_demo/internal/engine/app.go:129.21,130.10 1 0
secretary_go_demo/internal/engine/app.go:131.23,132.10 1 0
secretary_go_demo/internal/engine/app.go:133.19,134.12 1 0
secretary_go_demo/internal/engine/app.go:138.22,144.13 6 0
secretary_go_demo/internal/engine/app.go:144.13,146.3 1 0
secretary_go_demo/internal/engine/app.go:147.2,154.26 8 0
secretary_go_demo/internal/engine/app.go:156.31,157.48 1 15
secretary_go_demo/internal/engine/app.go:157.48,158.129 1 4
secretary_go_demo/internal/engine/app.go:158.129,160.4 1 0
secretary_go_demo/internal/engine/app.go:162.2,163.23 2 15
secretary_go_demo/internal/engine/app.go:163.23,165.3 1 0
secretary_go_demo/internal/engine/app.go:166.2,166.24 1 15
secretary_go_demo/internal/engine/app.go:166.24,167.49 1 13
secretary_go_demo/internal/engine/app.go:167.49,179.32 12 13
secretary_go_demo/internal/engine/app.go:179.32,181.5 1 0
secretary_go_demo/internal/engine/app.go:182.4,182.32 1 13
secretary_go_demo/internal/engine/app.go:182.32,184.5 1 0
secretary_go_demo/internal/engine/app.go:185.4,185.23 1 13
secretary_go_demo/internal/engine/app.go:188.2,192.20 5 2
secretary_go_demo/internal/engine/app.go:192.20,194.3 1 0
secretary_go_demo/internal/engine/app.go:195.2,197.46 2 2
secretary_go_demo/internal/engine/app.go:197.46,198.32 1 2
secretary_go_demo/internal/engine/app.go:198.32,199.132 1 0
secretary_go_demo/internal/engine/app.go:199.132,201.5 1 0
secretary_go_demo/internal/engine/app.go:204.2,204.47 1 2
secretary_go_demo/internal/engine/app.go:204.47,205.83 1 2
secretary_go_demo/internal/engine/app.go:205.83,206.162 1 1
secretary_go_demo/internal/engine/app.go:206.162,208.5 1 0
secretary_go_demo/internal/engine/app.go:211.2,211.52 1 2
secretary_go_demo/internal/engine/app.go:211.52,212.68 1 0
secretary_go_demo/internal/engine/app.go:212.68,213.150 1 0
secretary_go_demo/internal/engine/app.go:213.150,215.5 1 0
secretary_go_demo/internal/engine/app.go:218.2,218.46 1 2
secretary_go_demo/internal/engine/app.go:218.46,219.97 1 2
secretary_go_demo/internal/engine/app.go:219.97,221.49 2 1
secretary_go_demo/internal/engine/app.go:221.49,222.87 1 1
secretary_go_demo/internal/engine/app.go:222.87,224.6 1 1
secretary_go_demo/internal/engine/app.go:226.4,226.99 1 1
secretary_go_demo/internal/engine/app.go:226.99,227.83 1 1
secretary_go_demo/internal/engine/app.go:227.83,229.6 1 0
secretary_go_demo/internal/engine/app.go:230.5,230.94 1 1
secretary_go_demo/internal/engine/app.go:231.10,231.42 1 0
secretary_go_demo/internal/engine/app.go:231.42,232.76 1 0
secretary_go_demo/internal/engine/app.go:232.76,234.6 1 0
secretary_go_demo/internal/engine/app.go:238.2,238.48 1 2
secretary_go_demo/internal/engine/app.go:238.48,242.3 3 2
secretary_go_demo/internal/engine/app.go:244.60,245.48 1 101
secretary_go_demo/internal/engine/app.go:245.48,247.15 2 101
secretary_go_demo/internal/engine/app.go:247.15,249.4 1 0
secretary_go_demo/internal/engine/app.go:250.3,250.18 1 101
secretary_go_demo/internal/engine/app.go:250.18,252.4 1 101
secretary_go_demo/internal/engine/app.go:253.3,253.28 1 101
secretary_go_demo/internal/engine/app.go:253.28,255.4 1 26
secretary_go_demo/internal/engine/app.go:256.3,256.19 1 101
secretary_go_demo/internal/engine/app.go:259.32,261.29 2 23
secretary_go_demo/internal/engine/app.go:261.29,262.70 1 13
secretary_go_demo/internal/engine/app.go:262.70,264.4 1 0
secretary_go_demo/internal/engine/app.go:265.3,265.52 1 13
secretary_go_demo/internal/engine/app.go:267.2,267.12 1 10
secretary_go_demo/internal/engine/app.go:269.43,270.21 1 29
secretary_go_demo/internal/engine/app.go:270.21,272.3 1 21
secretary_go_demo/internal/engine/app.go:273.2,274.50 2 8
secretary_go_demo/internal/engine/app.go:276.71,277.70 1 6
secretary_go_demo/internal/engine/app.go:277.70,279.3 1 0
secretary_go_demo/internal/engine/app.go:280.2,280.46 1 6
secretary_go_demo/internal/engine/app.go:280.46,282.3 1 0
secretary_go_demo/internal/engine/app.go:283.2,284.47 2 6
secretary_go_demo/internal/engine/app.go:284.47,286.65 2 6
secretary_go_demo/internal/engine/app.go:286.65,288.4 1 2
secretary_go_demo/internal/engine/app.go:289.3,290.15 2 4
secretary_go_demo/internal/engine/app.go:290.15,292.4 1 0
secretary_go_demo/internal/engine/app.go:293.3,300.30 8 4
secretary_go_demo/internal/engine/app.go:300.30,302.4 1 0
secretary_go_demo/internal/engine/app.go:303.3,303.134 1 4
secretary_go_demo/internal/engine/app.go:303.134,305.4 1 0
secretary_go_demo/internal/engine/app.go:306.3,307.11 2 4
secretary_go_demo/internal/engine/app.go:309.2,309.8 1 6
secretary_go_demo/internal/engine/app.go:311.37,312.37 1 13
secretary_go_demo/internal/engine/app.go:312.37,312.85 1 4
secretary_go_demo/internal/engine/app.go:314.68,316.47 2 0
secretary_go_demo/internal/engine/app.go:316.47,318.72 2 0
secretary_go_demo/internal/engine/app.go:318.72,320.4 1 0
secretary_go_demo/internal/engine/app.go:321.3,322.15 2 0
secretary_go_demo/internal/engine/app.go:322.15,324.4 1 0
[...]
secretary_go_demo/internal/engine/scheduler.go:183.49,185.30 2 12
secretary_go_demo/internal/engine/scheduler.go:185.30,187.5 1 0
secretary_go_demo/internal/engine/scheduler.go:188.4,190.42 3 12
secretary_go_demo/internal/engine/scheduler.go:190.42,191.64 1 2
secretary_go_demo/internal/engine/scheduler.go:191.64,193.6 1 1
secretary_go_demo/internal/engine/scheduler.go:196.4,201.17 6 12
secretary_go_demo/internal/engine/scheduler.go:201.17,204.5 2 1
secretary_go_demo/internal/engine/scheduler.go:204.10,205.71 1 11
secretary_go_demo/internal/engine/scheduler.go:205.71,207.6 1 0
secretary_go_demo/internal/engine/scheduler.go:208.5,213.33 6 11
secretary_go_demo/internal/engine/scheduler.go:213.33,216.26 3 2
secretary_go_demo/internal/engine/scheduler.go:216.26,218.7 1 0
secretary_go_demo/internal/engine/scheduler.go:219.6,219.54 1 2
secretary_go_demo/internal/engine/scheduler.go:221.5,221.59 1 11
secretary_go_demo/internal/engine/scheduler.go:221.59,224.6 2 1
secretary_go_demo/internal/engine/scheduler.go:227.4,227.12 1 11
secretary_go_demo/internal/engine/scheduler.go:227.12,228.193 1 1
secretary_go_demo/internal/engine/scheduler.go:228.193,230.6 1 0
secretary_go_demo/internal/engine/scheduler.go:231.5,231.55 1 1
secretary_go_demo/internal/engine/scheduler.go:231.55,233.20 2 1
secretary_go_demo/internal/engine/scheduler.go:233.20,235.7 1 0
secretary_go_demo/internal/engine/scheduler.go:236.6,238.37 3 1
secretary_go_demo/internal/engine/scheduler.go:238.37,240.7 1 0
secretary_go_demo/internal/engine/scheduler.go:242.5,242.21 1 1
secretary_go_demo/internal/engine/scheduler.go:244.4,245.37 2 10
secretary_go_demo/internal/engine/scheduler.go:245.37,247.5 1 0
secretary_go_demo/internal/engine/scheduler.go:248.4,252.36 5 10
secretary_go_demo/internal/engine/scheduler.go:252.36,254.5 1 0
secretary_go_demo/internal/engine/scheduler.go:255.4,255.20 1 10
secretary_go_demo/internal/engine/scheduler.go:257.3,257.17 1 12
secretary_go_demo/internal/engine/scheduler.go:257.17,259.4 1 0
secretary_go_demo/internal/engine/scheduler.go:261.2,261.46 1 29
secretary_go_demo/internal/engine/scheduler.go:261.46,264.15 3 28
secretary_go_demo/internal/engine/scheduler.go:264.15,266.4 1 0
secretary_go_demo/internal/engine/scheduler.go:267.3,267.68 1 28
secretary_go_demo/internal/engine/scheduler.go:267.68,268.12 1 1
secretary_go_demo/internal/engine/scheduler.go:270.3,270.65 1 27
secretary_go_demo/internal/engine/scheduler.go:270.65,271.62 1 0
secretary_go_demo/internal/engine/scheduler.go:271.62,272.49 1 0
secretary_go_demo/internal/engine/scheduler.go:272.49,274.6 1 0
secretary_go_demo/internal/engine/scheduler.go:275.10,275.47 1 0
secretary_go_demo/internal/engine/scheduler.go:275.47,276.141 1 0
secretary_go_demo/internal/engine/scheduler.go:276.141,278.6 1 0
secretary_go_demo/internal/engine/scheduler.go:280.4,280.12 1 0
secretary_go_demo/internal/engine/scheduler.go:282.3,282.21 1 27
secretary_go_demo/internal/engine/scheduler.go:283.18,284.75 1 10
secretary_go_demo/internal/engine/scheduler.go:284.75,286.5 1 0
secretary_go_demo/internal/engine/scheduler.go:287.28,290.46 3 10
secretary_go_demo/internal/engine/scheduler.go:290.46,293.22 3 2
secretary_go_demo/internal/engine/scheduler.go:294.32,296.20 2 0
secretary_go_demo/internal/engine/scheduler.go:296.20,298.140 2 0
secretary_go_demo/internal/engine/scheduler.go:298.140,300.8 1 0
secretary_go_demo/internal/engine/scheduler.go:302.29,303.65 1 2
secretary_go_demo/internal/engine/scheduler.go:303.65,305.7 1 0
secretary_go_demo/internal/engine/scheduler.go:306.29,307.41 1 0
secretary_go_demo/internal/engine/scheduler.go:307.41,308.94 1 0
secretary_go_demo/internal/engine/scheduler.go:308.94,310.8 1 0
secretary_go_demo/internal/engine/scheduler.go:313.5,313.24 1 2
secretary_go_demo/internal/engine/scheduler.go:313.24,315.6 1 2
secretary_go_demo/internal/engine/scheduler.go:316.5,316.170 1 2
secretary_go_demo/internal/engine/scheduler.go:318.4,318.11 1 10
secretary_go_demo/internal/engine/scheduler.go:318.11,319.94 1 8
secretary_go_demo/internal/engine/scheduler.go:319.94,321.6 1 0
secretary_go_demo/internal/engine/scheduler.go:322.10,324.17 2 2
secretary_go_demo/internal/engine/scheduler.go:324.17,325.32 1 1
secretary_go_demo/internal/engine/scheduler.go:325.32,326.76 1 1
secretary_go_demo/internal/engine/scheduler.go:326.76,328.8 1 0
secretary_go_demo/internal/engine/scheduler.go:331.5,331.16 1 2
secretary_go_demo/internal/engine/scheduler.go:331.16,332.107 1 1
secretary_go_demo/internal/engine/scheduler.go:332.107,334.7 1 0
secretary_go_demo/internal/engine/scheduler.go:335.6,335.132 1 1
secretary_go_demo/internal/engine/scheduler.go:335.132,337.7 1 0
secretary_go_demo/internal/engine/scheduler.go:342.2,342.12 1 29
secretary_go_demo/internal/engine/scheduler.go:344.51,345.14 1 3
secretary_go_demo/internal/engine/scheduler.go:346.22,347.226 1 0
secretary_go_demo/internal/engine/scheduler.go:348.14,350.46 2 1
secretary_go_demo/internal/engine/scheduler.go:350.46,352.16 2 1
secretary_go_demo/internal/engine/scheduler.go:352.16,354.5 1 0
secretary_go_demo/internal/engine/scheduler.go:355.4,356.44 2 1
secretary_go_demo/internal/engine/scheduler.go:356.44,358.5 1 0
secretary_go_demo/internal/engine/scheduler.go:359.4,359.42 1 1
secretary_go_demo/internal/engine/scheduler.go:361.3,361.156 1 1
secretary_go_demo/internal/engine/scheduler.go:362.16,364.49 2 2
secretary_go_demo/internal/engine/scheduler.go:364.49,366.16 2 2
secretary_go_demo/internal/engine/scheduler.go:366.16,368.5 1 0
secretary_go_demo/internal/engine/scheduler.go:369.4,369.41 1 2
secretary_go_demo/internal/engine/scheduler.go:369.41,371.5 1 1
secretary_go_demo/internal/engine/scheduler.go:372.4,375.29 4 1
secretary_go_demo/internal/engine/scheduler.go:375.29,379.17 4 1
secretary_go_demo/internal/engine/scheduler.go:379.17,381.6 1 0
secretary_go_demo/internal/engine/scheduler.go:382.5,383.43 2 1
secretary_go_demo/internal/engine/scheduler.go:383.43,385.6 1 0
secretary_go_demo/internal/engine/scheduler.go:386.5,386.27 1 1
secretary_go_demo/internal/engine/scheduler.go:388.4,388.33 1 1
secretary_go_demo/internal/engine/scheduler.go:388.33,390.5 1 1
secretary_go_demo/internal/engine/scheduler.go:391.4,391.32 1 1
secretary_go_demo/internal/engine/scheduler.go:391.32,393.5 1 0
secretary_go_demo/internal/engine/scheduler.go:394.4,395.14 2 1
secretary_go_demo/internal/engine/scheduler.go:397.3,397.18 1 2
secretary_go_demo/internal/engine/scheduler.go:399.2,399.46 1 0
secretary_go_demo/internal/engine/scheduler.go:401.70,402.47 1 1
secretary_go_demo/internal/engine/scheduler.go:402.47,404.82 2 1
secretary_go_demo/internal/engine/scheduler.go:404.82,406.4 1 0
secretary_go_demo/internal/engine/scheduler.go:407.3,410.66 4 1
secretary_go_demo/internal/engine/scheduler.go:410.66,412.4 1 1
secretary_go_demo/internal/engine/scheduler.go:413.3,414.15 2 1
secretary_go_demo/internal/engine/scheduler.go:414.15,416.4 1 0
secretary_go_demo/internal/engine/scheduler.go:417.3,417.59 1 1
secretary_go_demo/internal/engine/scheduler.go:417.59,419.4 1 0
secretary_go_demo/internal/engine/scheduler.go:420.3,420.17 1 1
secretary_go_demo/internal/engine/scheduler.go:421.21,422.25 1 0
secretary_go_demo/internal/engine/scheduler.go:423.22,424.25 1 0
secretary_go_demo/internal/engine/scheduler.go:425.21,426.25 1 0
secretary_go_demo/internal/engine/scheduler.go:427.27,428.36 1 1
secretary_go_demo/internal/engine/scheduler.go:428.36,430.63 2 1
secretary_go_demo/internal/engine/scheduler.go:430.63,432.6 1 0
secretary_go_demo/internal/engine/scheduler.go:432.11,432.46 1 1
secretary_go_demo/internal/engine/scheduler.go:432.46,434.6 1 0
secretary_go_demo/internal/engine/scheduler.go:434.11,437.6 2 1
secretary_go_demo/internal/engine/scheduler.go:439.26,441.105 2 0
secretary_go_demo/internal/engine/scheduler.go:441.105,443.5 1 0
secretary_go_demo/internal/engine/scheduler.go:444.4,450.31 7 0
secretary_go_demo/internal/engine/scheduler.go:450.31,452.5 1 0
secretary_go_demo/internal/engine/scheduler.go:453.11,454.72 1 0
secretary_go_demo/internal/engine/scheduler.go:457.3,458.89 2 1
secretary_go_demo/internal/engine/scheduler.go:458.89,460.16 2 1
secretary_go_demo/internal/engine/scheduler.go:460.16,462.5 1 0
secretary_go_demo/internal/engine/scheduler.go:463.4,468.42 6 1
secretary_go_demo/internal/engine/scheduler.go:468.42,470.5 1 0
secretary_go_demo/internal/engine/scheduler.go:471.4,471.42 1 1
secretary_go_demo/internal/engine/scheduler.go:471.42,472.135 1 0
secretary_go_demo/internal/engine/scheduler.go:472.135,474.33 2 0
secretary_go_demo/internal/engine/scheduler.go:474.33,476.7 1 0
secretary_go_demo/internal/engine/scheduler.go:477.6,477.139 1 0
secretary_go_demo/internal/engine/scheduler.go:477.139,479.34 2 0
secretary_go_demo/internal/engine/scheduler.go:479.34,481.8 1 0
secretary_go_demo/internal/engine/scheduler.go:485.4,485.48 1 1
secretary_go_demo/internal/engine/scheduler.go:485.48,486.56 1 0
secretary_go_demo/internal/engine/scheduler.go:486.56,488.33 2 0
secretary_go_demo/internal/engine/scheduler.go:488.33,490.7 1 0
secretary_go_demo/internal/engine/scheduler.go:494.3,494.30 1 1
secretary_go_demo/internal/engine/scheduler.go:494.30,496.4 1 0
secretary_go_demo/internal/engine/scheduler.go:497.3,497.26 1 1
secretary_go_demo/internal/engine/scheduler.go:497.26,498.96 1 1
secretary_go_demo/internal/engine/scheduler.go:498.96,500.5 1 0
secretary_go_demo/internal/engine/scheduler.go:502.3,502.103 1 1
secretary_go_demo/internal/engine/scheduler.go:502.103,504.4 1 0
secretary_go_demo/internal/engine/scheduler.go:505.3,506.11 2 1
secretary_go_demo/internal/engine/scheduler.go:508.2,508.8 1 1
secretary_go_demo/internal/engine/scheduler.go:510.48,514.2 3 1
secretary_go_demo/internal/engine/scheduler.go:515.68,516.48 1 2
secretary_go_demo/internal/engine/scheduler.go:516.48,516.101 1 2
secretary_go_demo/internal/engine/scheduler.go:518.83,521.14 3 7
secretary_go_demo/internal/engine/scheduler.go:521.14,523.3 1 0
secretary_go_demo/internal/engine/scheduler.go:524.2,527.19 4 7
secretary_go_demo/internal/engine/scheduler.go:527.19,529.3 1 5
secretary_go_demo/internal/engine/scheduler.go:530.2,531.29 2 7
secretary_go_demo/internal/engine/scheduler.go:531.29,533.3 1 0
secretary_go_demo/internal/engine/scheduler.go:534.2,534.29 1 7
secretary_go_demo/internal/engine/scheduler.go:534.29,536.3 1 0
secretary_go_demo/internal/engine/scheduler.go:537.2,538.10 2 7
secretary_go_demo/internal/engine/scheduler.go:540.86,541.48 1 4
secretary_go_demo/internal/engine/scheduler.go:541.48,543.34 2 4
secretary_go_demo/internal/engine/scheduler.go:543.34,545.4 1 0
secretary_go_demo/internal/engine/scheduler.go:546.3,546.37 1 4
secretary_go_demo/internal/engine/scheduler.go:546.37,548.4 1 0
secretary_go_demo/internal/engine/scheduler.go:549.3,550.15 2 4
secretary_go_demo/internal/engine/scheduler.go:550.15,552.4 1 0
secretary_go_demo/internal/engine/scheduler.go:553.3,555.25 3 4
secretary_go_demo/internal/engine/scheduler.go:555.25,557.4 1 4
secretary_go_demo/internal/engine/scheduler.go:558.3,558.42 1 4
secretary_go_demo/internal/engine/scheduler.go:558.42,559.123 1 4
secretary_go_demo/internal/engine/scheduler.go:559.123,561.17 2 3
secretary_go_demo/internal/engine/scheduler.go:561.17,563.6 1 0
secretary_go_demo/internal/engine/scheduler.go:564.5,565.45 2 3
secretary_go_demo/internal/engine/scheduler.go:565.45,567.6 1 0
secretary_go_demo/internal/engine/scheduler.go:568.5,569.17 2 3
secretary_go_demo/internal/engine/scheduler.go:569.17,571.6 1 0
secretary_go_demo/internal/engine/scheduler.go:572.5,573.59 2 3
secretary_go_demo/internal/engine/scheduler.go:576.3,576.65 1 4
secretary_go_demo/internal/engine/scheduler.go:576.65,579.4 2 0
secretary_go_demo/internal/engine/scheduler.go:580.3,584.30 5 4
secretary_go_demo/internal/engine/scheduler.go:584.30,586.4 1 0
secretary_go_demo/internal/engine/scheduler.go:587.3,587.30 1 4
secretary_go_demo/internal/engine/scheduler.go:587.30,589.4 1 0
secretary_go_demo/internal/engine/scheduler.go:590.3,592.52 3 4
secretary_go_demo/internal/engine/scheduler.go:592.52,593.15 1 4
secretary_go_demo/internal/engine/scheduler.go:593.15,595.5 1 0
secretary_go_demo/internal/engine/scheduler.go:597.3,598.30 2 4
secretary_go_demo/internal/engine/scheduler.go:598.30,600.4 1 0
secretary_go_demo/internal/engine/scheduler.go:601.3,601.46 1 4
secretary_go_demo/internal/engine/scheduler.go:601.46,602.104 1 4
secretary_go_demo/internal/engine/scheduler.go:602.104,604.59 2 0
secretary_go_demo/internal/engine/scheduler.go:604.59,605.33 1 0
secretary_go_demo/internal/engine/scheduler.go:605.33,607.7 1 0
secretary_go_demo/internal/engine/scheduler.go:609.5,611.37 3 0
secretary_go_demo/internal/engine/scheduler.go:611.37,613.6 1 0
secretary_go_demo/internal/engine/scheduler.go:616.3,616.51 1 4
secretary_go_demo/internal/engine/scheduler.go:619.30,620.46 1 3
secretary_go_demo/internal/engine/scheduler.go:620.46,621.221 1 3
secretary_go_demo/internal/engine/scheduler.go:621.221,622.12 1 1
secretary_go_demo/internal/engine/scheduler.go:624.3,625.36 2 2
secretary_go_demo/internal/engine/scheduler.go:625.36,626.51 1 1
secretary_go_demo/internal/engine/scheduler.go:626.51,628.187 2 1
secretary_go_demo/internal/engine/scheduler.go:628.187,630.6 1 0
secretary_go_demo/internal/engine/scheduler.go:631.5,632.21 2 1
secretary_go_demo/internal/engine/scheduler.go:633.17,635.5 1 0
secretary_go_demo/internal/engine/scheduler.go:637.3,637.49 1 2
secretary_go_demo/internal/engine/scheduler.go:637.49,639.124 2 2
secretary_go_demo/internal/engine/scheduler.go:639.124,641.5 1 0
secretary_go_demo/internal/engine/scheduler.go:642.4,642.110 1 2
secretary_go_demo/internal/engine/scheduler.go:642.110,644.5 1 0
secretary_go_demo/internal/engine/scheduler.go:645.4,645.41 1 2
secretary_go_demo/internal/engine/scheduler.go:645.41,646.59 1 2
secretary_go_demo/internal/engine/scheduler.go:646.59,648.6 1 1
secretary_go_demo/internal/engine/scheduler.go:650.4,650.48 1 1
secretary_go_demo/internal/engine/scheduler.go:650.48,651.56 1 0
secretary_go_demo/internal/engine/scheduler.go:651.56,653.6 1 0
secretary_go_demo/internal/engine/scheduler.go:655.4,657.47 3 1
secretary_go_demo/internal/engine/scheduler.go:657.47,658.47 1 22
secretary_go_demo/internal/engine/scheduler.go:658.47,659.50 1 17
secretary_go_demo/internal/engine/scheduler.go:659.50,661.7 1 0
secretary_go_demo/internal/engine/scheduler.go:662.6,663.45 2 17
secretary_go_demo/internal/engine/scheduler.go:666.4,666.154 1 1
secretary_go_demo/internal/engine/scheduler.go:666.154,667.40 1 9
secretary_go_demo/internal/engine/scheduler.go:667.40,668.128 1 16
secretary_go_demo/internal/engine/scheduler.go:668.128,669.55 1 14
secretary_go_demo/internal/engine/scheduler.go:669.55,671.8 1 0
secretary_go_demo/internal/engine/scheduler.go:672.7,673.19 2 14
secretary_go_demo/internal/engine/scheduler.go:673.19,675.8 1 0
secretary_go_demo/internal/engine/scheduler.go:676.7,676.37 1 14
secretary_go_demo/internal/engine/scheduler.go:680.4,680.25 1 1
secretary_go_demo/internal/engine/scheduler.go:680.25,682.5 1 0
secretary_go_demo/internal/engine/scheduler.go:683.4,686.32 4 1
secretary_go_demo/internal/engine/scheduler.go:686.32,688.5 1 0
secretary_go_demo/internal/engine/scheduler.go:689.4,689.20 1 1
secretary_go_demo/internal/engine/scheduler.go:691.3,691.17 1 2
secretary_go_demo/internal/engine/scheduler.go:691.17,693.4 1 0
secretary_go_demo/internal/engine/scheduler.go:695.2,695.12 1 3
secretary_go_demo/internal/engine/world.go:10.90,11.20 1 0
secretary_go_demo/internal/engine/world.go:11.20,13.3 1 0
secretary_go_demo/internal/engine/world.go:14.2,16.57 3 0
secretary_go_demo/internal/engine/world.go:16.57,18.3 1 0
secretary_go_demo/internal/engine/world.go:19.2,24.45 6 0
secretary_go_demo/internal/engine/world.go:24.45,26.3 1 0
secretary_go_demo/internal/engine/world.go:27.2,28.26 2 0
secretary_go_demo/internal/engine/world.go:28.26,30.3 1 0
secretary_go_demo/internal/engine/world.go:31.2,31.29 1 0
secretary_go_demo/internal/engine/world.go:31.29,34.40 3 0
secretary_go_demo/internal/engine/world.go:34.40,35.114 1 0
secretary_go_demo/internal/engine/world.go:35.114,37.87 2 0
secretary_go_demo/internal/engine/world.go:37.87,39.6 1 0
secretary_go_demo/internal/engine/world.go:42.3,42.13 1 0
secretary_go_demo/internal/engine/world.go:42.13,44.4 1 0
secretary_go_demo/internal/engine/world.go:45.3,45.57 1 0
secretary_go_demo/internal/engine/world.go:45.57,47.4 1 0
secretary_go_demo/internal/engine/world.go:49.2,52.14 4 0
secretary_go_demo/internal/engine/world.go:52.14,54.3 1 0
secretary_go_demo/internal/engine/world.go:55.2,56.45 2 0
secretary_go_demo/internal/engine/world.go:56.45,58.83 2 0
secretary_go_demo/internal/engine/world.go:58.83,60.4 1 0
secretary_go_demo/internal/engine/world.go:61.3,64.30 4 0
secretary_go_demo/internal/engine/world.go:64.30,66.4 1 0
secretary_go_demo/internal/engine/world.go:67.3,68.11 2 0
secretary_go_demo/internal/engine/world.go:70.2,70.14 1 0
secretary_go_demo/internal/engine/world.go:70.14,72.3 1 0
secretary_go_demo/internal/engine/world.go:73.2,73.60 1 0
secretary_go_demo/internal/engine/world.go:73.60,75.3 1 0
secretary_go_demo/internal/engine/world.go:76.2,76.15 1 0
secretary_go_demo/internal/engine/world.go:78.36,79.20 1 0
secretary_go_demo/internal/engine/world.go:79.20,81.3 1 0
secretary_go_demo/internal/engine/world.go:82.2,84.49 3 0
secretary_go_demo/internal/engine/world.go:84.49,87.32 3 0
secretary_go_demo/internal/engine/world.go:87.32,88.33 1 0
secretary_go_demo/internal/engine/world.go:88.33,89.104 1 0
secretary_go_demo/internal/engine/world.go:89.104,91.6 1 0
secretary_go_demo/internal/engine/world.go:92.5,92.13 1 0
secretary_go_demo/internal/engine/world.go:94.4,94.34 1 0
secretary_go_demo/internal/engine/world.go:94.34,95.13 1 0
secretary_go_demo/internal/engine/world.go:97.4,97.62 1 0
secretary_go_demo/internal/engine/world.go:97.62,99.5 1 0
secretary_go_demo/internal/engine/world.go:100.4,100.39 1 0
secretary_go_demo/internal/engine/world.go:102.3,102.28 1 0
secretary_go_demo/internal/engine/world.go:102.28,103.34 1 0
secretary_go_demo/internal/engine/world.go:103.34,104.44 1 0
secretary_go_demo/internal/engine/world.go:104.44,106.6 1 0
secretary_go_demo/internal/engine/world.go:108.4,108.65 1 0
secretary_go_demo/internal/engine/world.go:108.65,110.5 1 0
secretary_go_demo/internal/engine/world.go:111.4,111.39 1 0
secretary_go_demo/internal/engine/world.go:113.3,113.66 1 0
secretary_go_demo/internal/engine/world.go:113.66,114.12 1 0
secretary_go_demo/internal/engine/world.go:116.3,116.38 1 0
secretary_go_demo/internal/engine/world.go:116.38,117.65 1 0
secretary_go_demo/internal/engine/world.go:117.65,119.5 1 0
secretary_go_demo/internal/engine/world.go:121.3,122.15 2 0
secretary_go_demo/internal/engine/world.go:122.15,125.4 2 0
secretary_go_demo/internal/engine/world.go:126.3,126.52 1 0
secretary_go_demo/internal/engine/world.go:126.52,128.4 1 0
secretary_go_demo/internal/engine/world.go:130.2,130.51 1 0
secretary_go_demo/internal/engine/world.go:130.51,132.49 2 0
secretary_go_demo/internal/engine/world.go:132.49,133.85 1 0
secretary_go_demo/internal/engine/world.go:133.85,135.5 1 0
secretary_go_demo/internal/engine/world.go:136.4,136.107 1 0
secretary_go_demo/internal/engine/world.go:136.107,138.5 1 0
secretary_go_demo/internal/engine/world.go:139.4,140.12 2 0
secretary_go_demo/internal/engine/world.go:142.3,142.17 1 0
secretary_go_demo/internal/engine/world.go:142.17,144.4 1 0
secretary_go_demo/internal/engine/world.go:145.3,145.13 1 0
secretary_go_demo/internal/engine/world.go:148.62,149.48 1 0
secretary_go_demo/internal/engine/world.go:149.48,153.15 4 0
secretary_go_demo/internal/engine/world.go:153.15,155.4 1 0
secretary_go_demo/internal/engine/world.go:156.3,161.38 6 0
secretary_go_demo/internal/engine/world.go:161.38,165.4 3 0
secretary_go_demo/internal/engine/world.go:166.3,167.30 2 0
secretary_go_demo/internal/engine/world.go:167.30,169.4 1 0
secretary_go_demo/internal/engine/world.go:170.3,170.19 1 0
